{"/home/travis/build/npmtest/node-npmtest-pixl-xml/test.js":{"path":"/home/travis/build/npmtest/node-npmtest-pixl-xml/test.js","s":{"1":2,"2":2,"3":2,"4":2,"5":2,"6":2,"7":2,"8":1,"9":2,"10":2,"11":1,"12":1,"13":1,"14":1,"15":2,"16":2,"17":2,"18":2,"19":1,"20":1,"21":2,"22":2,"23":2,"24":1,"25":1,"26":1,"27":1,"28":1,"29":1,"30":1,"31":1,"32":1,"33":1,"34":1,"35":1,"36":1,"37":1,"38":1,"39":2,"40":2,"41":1,"42":2,"43":2,"44":1,"45":2,"46":2,"47":1,"48":2,"49":2,"50":1,"51":1,"52":1,"53":1,"54":1},"b":{"1":[2,1,1,1],"2":[1,1,1,1],"3":[1,1],"4":[1,1],"5":[1,1],"6":[1,1],"7":[1,1],"8":[1,1],"9":[1,1],"10":[1,1,1],"11":[1,1],"12":[1,1],"13":[1,1],"14":[1,1],"15":[1,1],"16":[1,1],"17":[1,1]},"f":{"1":2,"2":2,"3":2,"4":2,"5":2,"6":1,"7":1,"8":1,"9":2,"10":2,"11":2,"12":2,"13":1},"fnMap":{"1":{"name":"(anonymous_1)","line":12,"loc":{"start":{"line":12,"column":1},"end":{"line":12,"column":13}}},"2":{"name":"(anonymous_2)","line":19,"loc":{"start":{"line":19,"column":5},"end":{"line":19,"column":17}}},"3":{"name":"(anonymous_3)","line":23,"loc":{"start":{"line":23,"column":24},"end":{"line":23,"column":36}}},"4":{"name":"(anonymous_4)","line":61,"loc":{"start":{"line":61,"column":5},"end":{"line":61,"column":17}}},"5":{"name":"(anonymous_5)","line":82,"loc":{"start":{"line":82,"column":5},"end":{"line":82,"column":17}}},"6":{"name":"(anonymous_6)","line":91,"loc":{"start":{"line":91,"column":77},"end":{"line":94,"column":10}}},"7":{"name":"(anonymous_7)","line":112,"loc":{"start":{"line":112,"column":83},"end":{"line":115,"column":10}},"skip":true},"8":{"name":"(anonymous_8)","line":123,"loc":{"start":{"line":123,"column":77},"end":{"line":126,"column":10}},"skip":true},"9":{"name":"(anonymous_9)","line":139,"loc":{"start":{"line":139,"column":12},"end":{"line":139,"column":40}},"skip":true},"10":{"name":"(anonymous_10)","line":147,"loc":{"start":{"line":147,"column":77},"end":{"line":150,"column":10}},"skip":true},"11":{"name":"(anonymous_11)","line":158,"loc":{"start":{"line":158,"column":83},"end":{"line":161,"column":10}},"skip":true},"12":{"name":"(anonymous_12)","line":169,"loc":{"start":{"line":169,"column":79},"end":{"line":172,"column":10}},"skip":true},"13":{"name":"(anonymous_13)","line":180,"loc":{"start":{"line":180,"column":75},"end":{"line":183,"column":10}},"skip":true}},"statementMap":{"1":{"start":{"line":12,"column":0},"end":{"line":195,"column":5}},"2":{"start":{"line":14,"column":4},"end":{"line":14,"column":14}},"3":{"start":{"line":19,"column":4},"end":{"line":56,"column":9}},"4":{"start":{"line":21,"column":8},"end":{"line":21,"column":19}},"5":{"start":{"line":23,"column":8},"end":{"line":35,"column":13}},"6":{"start":{"line":24,"column":12},"end":{"line":34,"column":13}},"7":{"start":{"line":25,"column":16},"end":{"line":28,"column":30}},"8":{"start":{"line":30,"column":16},"end":{"line":33,"column":27}},"9":{"start":{"line":37,"column":8},"end":{"line":39,"column":21}},"10":{"start":{"line":40,"column":8},"end":{"line":53,"column":9}},"11":{"start":{"line":43,"column":12},"end":{"line":46,"column":14}},"12":{"start":{"line":47,"column":12},"end":{"line":47,"column":18}},"13":{"start":{"line":50,"column":12},"end":{"line":51,"column":33}},"14":{"start":{"line":52,"column":12},"end":{"line":52,"column":18}},"15":{"start":{"line":55,"column":8},"end":{"line":55,"column":35}},"16":{"start":{"line":61,"column":4},"end":{"line":63,"column":9}},"17":{"start":{"line":62,"column":8},"end":{"line":62,"column":15}},"18":{"start":{"line":64,"column":4},"end":{"line":77,"column":5}},"19":{"start":{"line":70,"column":8},"end":{"line":70,"column":14}},"20":{"start":{"line":76,"column":8},"end":{"line":76,"column":14}},"21":{"start":{"line":82,"column":4},"end":{"line":84,"column":9}},"22":{"start":{"line":83,"column":8},"end":{"line":83,"column":15}},"23":{"start":{"line":85,"column":4},"end":{"line":194,"column":5}},"24":{"start":{"line":91,"column":8},"end":{"line":99,"column":10}},"25":{"start":{"line":98,"column":12},"end":{"line":98,"column":35}},"26":{"start":{"line":102,"column":8},"end":{"line":104,"column":63}},"27":{"start":{"line":105,"column":8},"end":{"line":105,"column":14}},"28":{"start":{"line":112,"column":8},"end":{"line":121,"column":10},"skip":true},"29":{"start":{"line":119,"column":12},"end":{"line":119,"column":55},"skip":true},"30":{"start":{"line":120,"column":12},"end":{"line":120,"column":48},"skip":true},"31":{"start":{"line":123,"column":8},"end":{"line":136,"column":10},"skip":true},"32":{"start":{"line":130,"column":12},"end":{"line":130,"column":76},"skip":true},"33":{"start":{"line":131,"column":12},"end":{"line":131,"column":73},"skip":true},"34":{"start":{"line":132,"column":12},"end":{"line":132,"column":74},"skip":true},"35":{"start":{"line":133,"column":12},"end":{"line":133,"column":79},"skip":true},"36":{"start":{"line":134,"column":12},"end":{"line":134,"column":25},"skip":true},"37":{"start":{"line":135,"column":12},"end":{"line":135,"column":45},"skip":true},"38":{"start":{"line":138,"column":8},"end":{"line":145,"column":14},"skip":true},"39":{"start":{"line":143,"column":16},"end":{"line":143,"column":29},"skip":true},"40":{"start":{"line":144,"column":16},"end":{"line":144,"column":55},"skip":true},"41":{"start":{"line":147,"column":8},"end":{"line":156,"column":10},"skip":true},"42":{"start":{"line":154,"column":12},"end":{"line":154,"column":25},"skip":true},"43":{"start":{"line":155,"column":12},"end":{"line":155,"column":45},"skip":true},"44":{"start":{"line":158,"column":8},"end":{"line":167,"column":10},"skip":true},"45":{"start":{"line":165,"column":12},"end":{"line":165,"column":25},"skip":true},"46":{"start":{"line":166,"column":12},"end":{"line":166,"column":48},"skip":true},"47":{"start":{"line":169,"column":8},"end":{"line":178,"column":10},"skip":true},"48":{"start":{"line":176,"column":12},"end":{"line":176,"column":25},"skip":true},"49":{"start":{"line":177,"column":12},"end":{"line":177,"column":46},"skip":true},"50":{"start":{"line":180,"column":8},"end":{"line":189,"column":10},"skip":true},"51":{"start":{"line":187,"column":12},"end":{"line":187,"column":94},"skip":true},"52":{"start":{"line":188,"column":12},"end":{"line":188,"column":48},"skip":true},"53":{"start":{"line":192,"column":8},"end":{"line":192,"column":35},"skip":true},"54":{"start":{"line":193,"column":8},"end":{"line":193,"column":14},"skip":true}},"branchMap":{"1":{"line":25,"type":"binary-expr","locations":[{"start":{"line":25,"column":23},"end":{"line":25,"column":62}},{"start":{"line":26,"column":20},"end":{"line":26,"column":70}},{"start":{"line":27,"column":20},"end":{"line":27,"column":71}},{"start":{"line":28,"column":20},"end":{"line":28,"column":29}}]},"2":{"line":30,"type":"binary-expr","locations":[{"start":{"line":30,"column":23},"end":{"line":30,"column":37}},{"start":{"line":31,"column":20},"end":{"line":31,"column":61}},{"start":{"line":32,"column":20},"end":{"line":32,"column":70}},{"start":{"line":33,"column":20},"end":{"line":33,"column":26}}]},"3":{"line":37,"type":"cond-expr","locations":[{"start":{"line":38,"column":14},"end":{"line":38,"column":20}},{"start":{"line":39,"column":14},"end":{"line":39,"column":20}}]},"4":{"line":40,"type":"switch","locations":[{"start":{"line":42,"column":8},"end":{"line":47,"column":18}},{"start":{"line":49,"column":8},"end":{"line":52,"column":18}}]},"5":{"line":44,"type":"binary-expr","locations":[{"start":{"line":44,"column":16},"end":{"line":44,"column":44}},{"start":{"line":44,"column":48},"end":{"line":44,"column":66}}]},"6":{"line":50,"type":"binary-expr","locations":[{"start":{"line":50,"column":21},"end":{"line":50,"column":49}},{"start":{"line":50,"column":53},"end":{"line":50,"column":72}}]},"7":{"line":64,"type":"switch","locations":[{"start":{"line":69,"column":4},"end":{"line":70,"column":14}},{"start":{"line":75,"column":4},"end":{"line":76,"column":14}}]},"8":{"line":85,"type":"switch","locations":[{"start":{"line":90,"column":4},"end":{"line":105,"column":14}},{"start":{"line":111,"column":4},"end":{"line":193,"column":14},"skip":true}]},"9":{"line":91,"type":"binary-expr","locations":[{"start":{"line":91,"column":42},"end":{"line":91,"column":73}},{"start":{"line":91,"column":77},"end":{"line":99,"column":9}}]},"10":{"line":102,"type":"binary-expr","locations":[{"start":{"line":102,"column":18},"end":{"line":102,"column":32}},{"start":{"line":103,"column":12},"end":{"line":103,"column":53}},{"start":{"line":104,"column":12},"end":{"line":104,"column":61}}]},"11":{"line":112,"type":"binary-expr","locations":[{"start":{"line":112,"column":45},"end":{"line":112,"column":79},"skip":true},{"start":{"line":112,"column":83},"end":{"line":121,"column":9},"skip":true}]},"12":{"line":123,"type":"binary-expr","locations":[{"start":{"line":123,"column":42},"end":{"line":123,"column":73},"skip":true},{"start":{"line":123,"column":77},"end":{"line":136,"column":9},"skip":true}]},"13":{"line":138,"type":"binary-expr","locations":[{"start":{"line":138,"column":48},"end":{"line":138,"column":85},"skip":true},{"start":{"line":139,"column":12},"end":{"line":145,"column":13},"skip":true}]},"14":{"line":147,"type":"binary-expr","locations":[{"start":{"line":147,"column":42},"end":{"line":147,"column":73},"skip":true},{"start":{"line":147,"column":77},"end":{"line":156,"column":9},"skip":true}]},"15":{"line":158,"type":"binary-expr","locations":[{"start":{"line":158,"column":45},"end":{"line":158,"column":79},"skip":true},{"start":{"line":158,"column":83},"end":{"line":167,"column":9},"skip":true}]},"16":{"line":169,"type":"binary-expr","locations":[{"start":{"line":169,"column":43},"end":{"line":169,"column":75},"skip":true},{"start":{"line":169,"column":79},"end":{"line":178,"column":9},"skip":true}]},"17":{"line":180,"type":"binary-expr","locations":[{"start":{"line":180,"column":41},"end":{"line":180,"column":71},"skip":true},{"start":{"line":180,"column":75},"end":{"line":189,"column":9},"skip":true}]}},"code":["/* istanbul instrument in package npmtest_pixl_xml */","/*jslint","    bitwise: true,","    browser: true,","    maxerr: 8,","    maxlen: 96,","    node: true,","    nomen: true,","    regexp: true,","    stupid: true","*/","(function () {","    'use strict';","    var local;","","","","    // run shared js-env code - pre-init","    (function () {","        // init local","        local = {};","        // init modeJs","        local.modeJs = (function () {","            try {","                return typeof navigator.userAgent === 'string' &&","                    typeof document.querySelector('body') === 'object' &&","                    typeof XMLHttpRequest.prototype.open === 'function' &&","                    'browser';","            } catch (errorCaughtBrowser) {","                return module.exports &&","                    typeof process.versions.node === 'string' &&","                    typeof require('http').createServer === 'function' &&","                    'node';","            }","        }());","        // init global","        local.global = local.modeJs === 'browser'","            ? window","            : global;","        switch (local.modeJs) {","        // re-init local from window.local","        case 'browser':","            local = local.global.utility2.objectSetDefault(","                local.global.utility2_rollup || local.global.local,","                local.global.utility2","            );","            break;","        // re-init local from example.js","        case 'node':","            local = (local.global.utility2_rollup || require('utility2'))","                .requireReadme();","            break;","        }","        // export local","        local.global.local = local;","    }());","","","","    // run shared js-env code - function","    (function () {","        return;","    }());","    switch (local.modeJs) {","","","","    // run browser js-env code - function","    case 'browser':","        break;","","","","    // run node js-env code - function","    case 'node':","        break;","    }","","","","    // run shared js-env code - post-init","    (function () {","        return;","    }());","    switch (local.modeJs) {","","","","    // run browser js-env code - post-init","    case 'browser':","        local.testCase_browser_nullCase = local.testCase_browser_nullCase || function (","            options,","            onError","        ) {","        /*","         * this function will test browsers's null-case handling-behavior-behavior","         */","            onError(null, options);","        };","","        // run tests","        local.nop(local.modeTest &&","            document.querySelector('#testRunButton1') &&","            document.querySelector('#testRunButton1').click());","        break;","","","","    // run node js-env code - post-init","    /* istanbul ignore next */","    case 'node':","        local.testCase_buildApidoc_default = local.testCase_buildApidoc_default || function (","            options,","            onError","        ) {","        /*","         * this function will test buildApidoc's default handling-behavior-behavior","         */","            options = { modulePathList: module.paths };","            local.buildApidoc(options, onError);","        };","","        local.testCase_buildApp_default = local.testCase_buildApp_default || function (","            options,","            onError","        ) {","        /*","         * this function will test buildApp's default handling-behavior-behavior","         */","            local.testCase_buildReadme_default(options, local.onErrorThrow);","            local.testCase_buildLib_default(options, local.onErrorThrow);","            local.testCase_buildTest_default(options, local.onErrorThrow);","            local.testCase_buildCustomOrg_default(options, local.onErrorThrow);","            options = [];","            local.buildApp(options, onError);","        };","","        local.testCase_buildCustomOrg_default = local.testCase_buildCustomOrg_default ||","            function (options, onError) {","            /*","             * this function will test buildCustomOrg's default handling-behavior","             */","                options = {};","                local.buildCustomOrg(options, onError);","            };","","        local.testCase_buildLib_default = local.testCase_buildLib_default || function (","            options,","            onError","        ) {","        /*","         * this function will test buildLib's default handling-behavior","         */","            options = {};","            local.buildLib(options, onError);","        };","","        local.testCase_buildReadme_default = local.testCase_buildReadme_default || function (","            options,","            onError","        ) {","        /*","         * this function will test buildReadme's default handling-behavior-behavior","         */","            options = {};","            local.buildReadme(options, onError);","        };","","        local.testCase_buildTest_default = local.testCase_buildTest_default || function (","            options,","            onError","        ) {","        /*","         * this function will test buildTest's default handling-behavior","         */","            options = {};","            local.buildTest(options, onError);","        };","","        local.testCase_webpage_default = local.testCase_webpage_default || function (","            options,","            onError","        ) {","        /*","         * this function will test webpage's default handling-behavior","         */","            options = { modeCoverageMerge: true, url: local.serverLocalHost + '?modeTest=1' };","            local.browserTest(options, onError);","        };","","        // run test-server","        local.testRunServer(local);","        break;","    }","}());",""],"l":{"12":2,"14":2,"19":2,"21":2,"23":2,"24":2,"25":2,"30":1,"37":2,"40":2,"43":1,"47":1,"50":1,"52":1,"55":2,"61":2,"62":2,"64":2,"70":1,"76":1,"82":2,"83":2,"85":2,"91":1,"98":1,"102":1,"105":1,"112":1,"119":1,"120":1,"123":1,"130":1,"131":1,"132":1,"133":1,"134":1,"135":1,"138":1,"143":2,"144":2,"147":1,"154":2,"155":2,"158":1,"165":2,"166":2,"169":1,"176":2,"177":2,"180":1,"187":1,"188":1,"192":1,"193":1}},"/home/travis/build/npmtest/node-npmtest-pixl-xml/lib.npmtest_pixl_xml.js":{"path":"/home/travis/build/npmtest/node-npmtest-pixl-xml/lib.npmtest_pixl_xml.js","s":{"1":2,"2":2,"3":2,"4":2,"5":2,"6":2,"7":2,"8":1,"9":2,"10":2,"11":2,"12":2,"13":1,"14":1,"15":1,"16":1},"b":{"1":[2,1,1,1],"2":[1,1,1,1],"3":[1,1],"4":[2,2],"5":[1,1]},"f":{"1":2,"2":2,"3":2},"fnMap":{"1":{"name":"(anonymous_1)","line":12,"loc":{"start":{"line":12,"column":1},"end":{"line":12,"column":13}}},"2":{"name":"(anonymous_2)","line":19,"loc":{"start":{"line":19,"column":5},"end":{"line":19,"column":17}}},"3":{"name":"(anonymous_3)","line":23,"loc":{"start":{"line":23,"column":24},"end":{"line":23,"column":36}}}},"statementMap":{"1":{"start":{"line":12,"column":0},"end":{"line":53,"column":5}},"2":{"start":{"line":14,"column":4},"end":{"line":14,"column":14}},"3":{"start":{"line":19,"column":4},"end":{"line":52,"column":9}},"4":{"start":{"line":21,"column":8},"end":{"line":21,"column":19}},"5":{"start":{"line":23,"column":8},"end":{"line":35,"column":13}},"6":{"start":{"line":24,"column":12},"end":{"line":34,"column":13}},"7":{"start":{"line":25,"column":16},"end":{"line":28,"column":30}},"8":{"start":{"line":30,"column":16},"end":{"line":33,"column":27}},"9":{"start":{"line":37,"column":8},"end":{"line":39,"column":21}},"10":{"start":{"line":41,"column":8},"end":{"line":41,"column":54}},"11":{"start":{"line":43,"column":8},"end":{"line":43,"column":53}},"12":{"start":{"line":45,"column":8},"end":{"line":51,"column":9}},"13":{"start":{"line":46,"column":12},"end":{"line":46,"column":59}},"14":{"start":{"line":48,"column":12},"end":{"line":48,"column":35}},"15":{"start":{"line":49,"column":12},"end":{"line":49,"column":49}},"16":{"start":{"line":50,"column":12},"end":{"line":50,"column":43}}},"branchMap":{"1":{"line":25,"type":"binary-expr","locations":[{"start":{"line":25,"column":23},"end":{"line":25,"column":62}},{"start":{"line":26,"column":20},"end":{"line":26,"column":70}},{"start":{"line":27,"column":20},"end":{"line":27,"column":71}},{"start":{"line":28,"column":20},"end":{"line":28,"column":29}}]},"2":{"line":30,"type":"binary-expr","locations":[{"start":{"line":30,"column":23},"end":{"line":30,"column":37}},{"start":{"line":31,"column":20},"end":{"line":31,"column":61}},{"start":{"line":32,"column":20},"end":{"line":32,"column":70}},{"start":{"line":33,"column":20},"end":{"line":33,"column":26}}]},"3":{"line":37,"type":"cond-expr","locations":[{"start":{"line":38,"column":14},"end":{"line":38,"column":20}},{"start":{"line":39,"column":14},"end":{"line":39,"column":20}}]},"4":{"line":41,"type":"binary-expr","locations":[{"start":{"line":41,"column":16},"end":{"line":41,"column":44}},{"start":{"line":41,"column":48},"end":{"line":41,"column":53}}]},"5":{"line":45,"type":"if","locations":[{"start":{"line":45,"column":8},"end":{"line":45,"column":8}},{"start":{"line":45,"column":8},"end":{"line":45,"column":8}}]}},"code":["/* istanbul instrument in package npmtest_pixl_xml */","/*jslint","    bitwise: true,","    browser: true,","    maxerr: 8,","    maxlen: 96,","    node: true,","    nomen: true,","    regexp: true,","    stupid: true","*/","(function () {","    'use strict';","    var local;","","","","    // run shared js-env code - pre-init","    (function () {","        // init local","        local = {};","        // init modeJs","        local.modeJs = (function () {","            try {","                return typeof navigator.userAgent === 'string' &&","                    typeof document.querySelector('body') === 'object' &&","                    typeof XMLHttpRequest.prototype.open === 'function' &&","                    'browser';","            } catch (errorCaughtBrowser) {","                return module.exports &&","                    typeof process.versions.node === 'string' &&","                    typeof require('http').createServer === 'function' &&","                    'node';","            }","        }());","        // init global","        local.global = local.modeJs === 'browser'","            ? window","            : global;","        // init utility2_rollup","        local = local.global.utility2_rollup || local;","        // init lib","        local.local = local.npmtest_pixl_xml = local;","        // init exports","        if (local.modeJs === 'browser') {","            local.global.utility2_npmtest_pixl_xml = local;","        } else {","            module.exports = local;","            module.exports.__dirname = __dirname;","            module.exports.module = module;","        }","    }());","}());",""],"l":{"12":2,"14":2,"19":2,"21":2,"23":2,"24":2,"25":2,"30":1,"37":2,"41":2,"43":2,"45":2,"46":1,"48":1,"49":1,"50":1}},"/home/travis/build/npmtest/node-npmtest-pixl-xml/example.js":{"path":"/home/travis/build/npmtest/node-npmtest-pixl-xml/example.js","s":{"1":2,"2":2,"3":2,"4":2,"5":2,"6":2,"7":2,"8":1,"9":2,"10":2,"11":2,"12":2,"13":1,"14":2,"15":2,"16":2,"17":2,"18":2,"19":0,"20":2,"21":1,"22":1,"23":1,"24":1,"25":1,"26":0,"27":0,"28":1,"29":1,"30":2,"31":0,"32":0,"33":0,"34":1,"35":2,"36":2,"37":3,"38":3,"39":3,"40":3,"41":0,"42":3,"43":3,"44":3,"45":1,"46":3,"47":1,"48":1,"49":1,"50":1,"51":1,"52":1,"53":1,"54":1,"55":1,"56":1,"57":0,"58":1,"59":6,"60":6,"61":1,"62":2,"63":0,"64":2,"65":1,"66":1,"67":0,"68":0,"69":0,"70":0,"71":0,"72":0,"73":0,"74":0,"75":0,"76":0,"77":0,"78":0,"79":0,"80":0,"81":0,"82":0,"83":0},"b":{"1":[2,1,1,1],"2":[1,1,1,1],"3":[1,1],"4":[2,2],"5":[1,1],"6":[1,1],"7":[2,0],"8":[2,1,1,1,1,1],"9":[0,2,0],"10":[1,1],"11":[2,1,1],"12":[1,0],"13":[0,2],"14":[2,0,0,0,0,0,0],"15":[0,3],"16":[3,0],"17":[1,1],"18":[0,1],"19":[1,2,0,2],"20":[1,0],"21":[1,1],"22":[0,0],"23":[0,0],"24":[0,0],"25":[0,0],"26":[0,0],"27":[0,0],"28":[0,0]},"f":{"1":2,"2":2,"3":2,"4":2,"5":2,"6":2,"7":3,"8":3,"9":3,"10":1,"11":6,"12":0},"fnMap":{"1":{"name":"(anonymous_1)","line":26,"loc":{"start":{"line":26,"column":1},"end":{"line":26,"column":13}}},"2":{"name":"(anonymous_2)","line":33,"loc":{"start":{"line":33,"column":5},"end":{"line":33,"column":17}}},"3":{"name":"(anonymous_3)","line":37,"loc":{"start":{"line":37,"column":24},"end":{"line":37,"column":36}}},"4":{"name":"(anonymous_4)","line":69,"loc":{"start":{"line":69,"column":31},"end":{"line":69,"column":48}},"skip":true},"5":{"name":"(anonymous_5)","line":78,"loc":{"start":{"line":78,"column":26},"end":{"line":78,"column":45}},"skip":true},"6":{"name":"(anonymous_6)","line":123,"loc":{"start":{"line":123,"column":33},"end":{"line":123,"column":48}},"skip":true},"7":{"name":"(anonymous_7)","line":125,"loc":{"start":{"line":125,"column":27},"end":{"line":125,"column":39}},"skip":true},"8":{"name":"(anonymous_8)","line":133,"loc":{"start":{"line":133,"column":59},"end":{"line":133,"column":74}},"skip":true},"9":{"name":"(anonymous_9)","line":143,"loc":{"start":{"line":143,"column":45},"end":{"line":143,"column":62}},"skip":true},"10":{"name":"(anonymous_10)","line":144,"loc":{"start":{"line":144,"column":73},"end":{"line":144,"column":92}},"skip":true},"11":{"name":"(anonymous_11)","line":272,"loc":{"start":{"line":272,"column":51},"end":{"line":272,"column":77}},"skip":true},"12":{"name":"(anonymous_12)","line":315,"loc":{"start":{"line":315,"column":32},"end":{"line":315,"column":61}},"skip":true}},"statementMap":{"1":{"start":{"line":26,"column":0},"end":{"line":326,"column":5}},"2":{"start":{"line":28,"column":4},"end":{"line":28,"column":14}},"3":{"start":{"line":33,"column":4},"end":{"line":60,"column":9}},"4":{"start":{"line":35,"column":8},"end":{"line":35,"column":19}},"5":{"start":{"line":37,"column":8},"end":{"line":49,"column":13}},"6":{"start":{"line":38,"column":12},"end":{"line":48,"column":13}},"7":{"start":{"line":39,"column":16},"end":{"line":42,"column":30}},"8":{"start":{"line":44,"column":16},"end":{"line":47,"column":27}},"9":{"start":{"line":51,"column":8},"end":{"line":53,"column":21}},"10":{"start":{"line":55,"column":8},"end":{"line":57,"column":45}},"11":{"start":{"line":59,"column":8},"end":{"line":59,"column":35}},"12":{"start":{"line":61,"column":4},"end":{"line":325,"column":5}},"13":{"start":{"line":69,"column":8},"end":{"line":121,"column":10},"skip":true},"14":{"start":{"line":70,"column":12},"end":{"line":88,"column":13},"skip":true},"15":{"start":{"line":76,"column":16},"end":{"line":87,"column":19},"skip":true},"16":{"start":{"line":79,"column":20},"end":{"line":86,"column":21},"skip":true},"17":{"start":{"line":82,"column":24},"end":{"line":82,"column":43},"skip":true},"18":{"start":{"line":83,"column":24},"end":{"line":83,"column":30},"skip":true},"19":{"start":{"line":85,"column":24},"end":{"line":85,"column":49},"skip":true},"20":{"start":{"line":89,"column":12},"end":{"line":107,"column":13},"skip":true},"21":{"start":{"line":92,"column":16},"end":{"line":102,"column":17},"skip":true},"22":{"start":{"line":93,"column":20},"end":{"line":93,"column":86},"skip":true},"23":{"start":{"line":94,"column":20},"end":{"line":95,"column":45},"skip":true},"24":{"start":{"line":96,"column":20},"end":{"line":96,"column":42},"skip":true},"25":{"start":{"line":97,"column":20},"end":{"line":97,"column":48},"skip":true},"26":{"start":{"line":100,"column":20},"end":{"line":100,"column":85},"skip":true},"27":{"start":{"line":101,"column":20},"end":{"line":101,"column":96},"skip":true},"28":{"start":{"line":103,"column":16},"end":{"line":103,"column":22},"skip":true},"29":{"start":{"line":106,"column":16},"end":{"line":106,"column":22},"skip":true},"30":{"start":{"line":108,"column":12},"end":{"line":120,"column":13},"skip":true},"31":{"start":{"line":114,"column":16},"end":{"line":119,"column":17},"skip":true},"32":{"start":{"line":116,"column":20},"end":{"line":116,"column":78},"skip":true},"33":{"start":{"line":118,"column":20},"end":{"line":118,"column":47},"skip":true},"34":{"start":{"line":123,"column":8},"end":{"line":141,"column":11},"skip":true},"35":{"start":{"line":124,"column":12},"end":{"line":124,"column":54},"skip":true},"36":{"start":{"line":125,"column":12},"end":{"line":140,"column":14},"skip":true},"37":{"start":{"line":126,"column":16},"end":{"line":126,"column":28},"skip":true},"38":{"start":{"line":127,"column":16},"end":{"line":127,"column":69},"skip":true},"39":{"start":{"line":128,"column":16},"end":{"line":128,"column":75},"skip":true},"40":{"start":{"line":129,"column":16},"end":{"line":131,"column":17},"skip":true},"41":{"start":{"line":130,"column":20},"end":{"line":130,"column":27},"skip":true},"42":{"start":{"line":133,"column":16},"end":{"line":137,"column":36},"skip":true},"43":{"start":{"line":134,"column":20},"end":{"line":136,"column":55},"skip":true},"44":{"start":{"line":139,"column":16},"end":{"line":139,"column":57},"skip":true},"45":{"start":{"line":143,"column":8},"end":{"line":147,"column":11},"skip":true},"46":{"start":{"line":144,"column":12},"end":{"line":146,"column":15},"skip":true},"47":{"start":{"line":145,"column":16},"end":{"line":145,"column":70},"skip":true},"48":{"start":{"line":149,"column":8},"end":{"line":149,"column":31},"skip":true},"49":{"start":{"line":150,"column":8},"end":{"line":150,"column":14},"skip":true},"50":{"start":{"line":158,"column":8},"end":{"line":158,"column":31},"skip":true},"51":{"start":{"line":160,"column":8},"end":{"line":160,"column":33},"skip":true},"52":{"start":{"line":161,"column":8},"end":{"line":161,"column":37},"skip":true},"53":{"start":{"line":162,"column":8},"end":{"line":162,"column":35},"skip":true},"54":{"start":{"line":164,"column":8},"end":{"line":164,"column":50},"skip":true},"55":{"start":{"line":166,"column":8},"end":{"line":256,"column":2},"skip":true},"56":{"start":{"line":258,"column":8},"end":{"line":286,"column":9},"skip":true},"57":{"start":{"line":259,"column":12},"end":{"line":269,"column":14},"skip":true},"58":{"start":{"line":271,"column":12},"end":{"line":285,"column":19},"skip":true},"59":{"start":{"line":274,"column":20},"end":{"line":274,"column":35},"skip":true},"60":{"start":{"line":275,"column":20},"end":{"line":284,"column":21},"skip":true},"61":{"start":{"line":277,"column":24},"end":{"line":277,"column":64},"skip":true},"62":{"start":{"line":279,"column":24},"end":{"line":279,"column":40},"skip":true},"63":{"start":{"line":281,"column":24},"end":{"line":281,"column":40},"skip":true},"64":{"start":{"line":283,"column":24},"end":{"line":283,"column":39},"skip":true},"65":{"start":{"line":288,"column":8},"end":{"line":290,"column":9},"skip":true},"66":{"start":{"line":289,"column":12},"end":{"line":289,"column":18},"skip":true},"67":{"start":{"line":291,"column":8},"end":{"line":293,"column":54},"skip":true},"68":{"start":{"line":296,"column":8},"end":{"line":301,"column":37},"skip":true},"69":{"start":{"line":303,"column":8},"end":{"line":303,"column":82},"skip":true},"70":{"start":{"line":306,"column":8},"end":{"line":308,"column":9},"skip":true},"71":{"start":{"line":307,"column":12},"end":{"line":307,"column":82},"skip":true},"72":{"start":{"line":310,"column":8},"end":{"line":312,"column":9},"skip":true},"73":{"start":{"line":311,"column":12},"end":{"line":311,"column":18},"skip":true},"74":{"start":{"line":313,"column":8},"end":{"line":313,"column":54},"skip":true},"75":{"start":{"line":314,"column":8},"end":{"line":314,"column":69},"skip":true},"76":{"start":{"line":315,"column":8},"end":{"line":323,"column":36},"skip":true},"77":{"start":{"line":316,"column":12},"end":{"line":316,"column":61},"skip":true},"78":{"start":{"line":317,"column":12},"end":{"line":320,"column":13},"skip":true},"79":{"start":{"line":318,"column":16},"end":{"line":318,"column":75},"skip":true},"80":{"start":{"line":319,"column":16},"end":{"line":319,"column":23},"skip":true},"81":{"start":{"line":321,"column":12},"end":{"line":321,"column":38},"skip":true},"82":{"start":{"line":322,"column":12},"end":{"line":322,"column":27},"skip":true},"83":{"start":{"line":324,"column":8},"end":{"line":324,"column":14},"skip":true}},"branchMap":{"1":{"line":39,"type":"binary-expr","locations":[{"start":{"line":39,"column":23},"end":{"line":39,"column":62}},{"start":{"line":40,"column":20},"end":{"line":40,"column":70}},{"start":{"line":41,"column":20},"end":{"line":41,"column":71}},{"start":{"line":42,"column":20},"end":{"line":42,"column":29}}]},"2":{"line":44,"type":"binary-expr","locations":[{"start":{"line":44,"column":23},"end":{"line":44,"column":37}},{"start":{"line":45,"column":20},"end":{"line":45,"column":61}},{"start":{"line":46,"column":20},"end":{"line":46,"column":70}},{"start":{"line":47,"column":20},"end":{"line":47,"column":26}}]},"3":{"line":51,"type":"cond-expr","locations":[{"start":{"line":52,"column":14},"end":{"line":52,"column":20}},{"start":{"line":53,"column":14},"end":{"line":53,"column":20}}]},"4":{"line":55,"type":"binary-expr","locations":[{"start":{"line":55,"column":16},"end":{"line":55,"column":44}},{"start":{"line":55,"column":49},"end":{"line":57,"column":43}}]},"5":{"line":55,"type":"cond-expr","locations":[{"start":{"line":56,"column":14},"end":{"line":56,"column":52}},{"start":{"line":57,"column":14},"end":{"line":57,"column":43}}]},"6":{"line":61,"type":"switch","locations":[{"start":{"line":68,"column":4},"end":{"line":150,"column":14},"skip":true},{"start":{"line":156,"column":4},"end":{"line":324,"column":14},"skip":true}]},"7":{"line":70,"type":"if","locations":[{"start":{"line":70,"column":12},"end":{"line":70,"column":12},"skip":true},{"start":{"line":70,"column":12},"end":{"line":70,"column":12},"skip":true}]},"8":{"line":70,"type":"binary-expr","locations":[{"start":{"line":70,"column":16},"end":{"line":70,"column":22},"skip":true},{"start":{"line":70,"column":27},"end":{"line":70,"column":32},"skip":true},{"start":{"line":71,"column":20},"end":{"line":71,"column":39},"skip":true},{"start":{"line":72,"column":20},"end":{"line":72,"column":49},"skip":true},{"start":{"line":73,"column":20},"end":{"line":73,"column":58},"skip":true},{"start":{"line":74,"column":20},"end":{"line":74,"column":69},"skip":true}]},"9":{"line":79,"type":"switch","locations":[{"start":{"line":80,"column":20},"end":{"line":80,"column":33},"skip":true},{"start":{"line":81,"column":20},"end":{"line":83,"column":30},"skip":true},{"start":{"line":84,"column":20},"end":{"line":85,"column":49},"skip":true}]},"10":{"line":89,"type":"switch","locations":[{"start":{"line":90,"column":12},"end":{"line":103,"column":22},"skip":true},{"start":{"line":105,"column":12},"end":{"line":106,"column":22},"skip":true}]},"11":{"line":89,"type":"binary-expr","locations":[{"start":{"line":89,"column":20},"end":{"line":89,"column":25},"skip":true},{"start":{"line":89,"column":29},"end":{"line":89,"column":48},"skip":true},{"start":{"line":89,"column":52},"end":{"line":89,"column":74},"skip":true}]},"12":{"line":92,"type":"if","locations":[{"start":{"line":92,"column":16},"end":{"line":92,"column":16},"skip":true},{"start":{"line":92,"column":16},"end":{"line":92,"column":16},"skip":true}]},"13":{"line":108,"type":"if","locations":[{"start":{"line":108,"column":12},"end":{"line":108,"column":12},"skip":true},{"start":{"line":108,"column":12},"end":{"line":108,"column":12},"skip":true}]},"14":{"line":108,"type":"binary-expr","locations":[{"start":{"line":108,"column":16},"end":{"line":108,"column":61},"skip":true},{"start":{"line":108,"column":66},"end":{"line":108,"column":72},"skip":true},{"start":{"line":108,"column":77},"end":{"line":108,"column":82},"skip":true},{"start":{"line":109,"column":20},"end":{"line":109,"column":39},"skip":true},{"start":{"line":110,"column":20},"end":{"line":110,"column":49},"skip":true},{"start":{"line":111,"column":20},"end":{"line":111,"column":58},"skip":true},{"start":{"line":112,"column":20},"end":{"line":112,"column":68},"skip":true}]},"15":{"line":129,"type":"if","locations":[{"start":{"line":129,"column":16},"end":{"line":129,"column":16},"skip":true},{"start":{"line":129,"column":16},"end":{"line":129,"column":16},"skip":true}]},"16":{"line":134,"type":"cond-expr","locations":[{"start":{"line":135,"column":26},"end":{"line":135,"column":29},"skip":true},{"start":{"line":136,"column":26},"end":{"line":136,"column":54},"skip":true}]},"17":{"line":164,"type":"binary-expr","locations":[{"start":{"line":164,"column":27},"end":{"line":164,"column":43},"skip":true},{"start":{"line":164,"column":47},"end":{"line":164,"column":49},"skip":true}]},"18":{"line":258,"type":"if","locations":[{"start":{"line":258,"column":8},"end":{"line":258,"column":8},"skip":true},{"start":{"line":258,"column":8},"end":{"line":258,"column":8},"skip":true}]},"19":{"line":275,"type":"switch","locations":[{"start":{"line":276,"column":20},"end":{"line":277,"column":64},"skip":true},{"start":{"line":278,"column":20},"end":{"line":279,"column":40},"skip":true},{"start":{"line":280,"column":20},"end":{"line":281,"column":40},"skip":true},{"start":{"line":282,"column":20},"end":{"line":283,"column":39},"skip":true}]},"20":{"line":288,"type":"if","locations":[{"start":{"line":288,"column":8},"end":{"line":288,"column":8},"skip":true},{"start":{"line":288,"column":8},"end":{"line":288,"column":8},"skip":true}]},"21":{"line":288,"type":"binary-expr","locations":[{"start":{"line":288,"column":12},"end":{"line":288,"column":40},"skip":true},{"start":{"line":288,"column":44},"end":{"line":288,"column":67},"skip":true}]},"22":{"line":292,"type":"binary-expr","locations":[{"start":{"line":292,"column":12},"end":{"line":292,"column":50},"skip":true},{"start":{"line":293,"column":12},"end":{"line":293,"column":53},"skip":true}]},"23":{"line":297,"type":"binary-expr","locations":[{"start":{"line":297,"column":12},"end":{"line":297,"column":66},"skip":true},{"start":{"line":298,"column":12},"end":{"line":301,"column":36},"skip":true}]},"24":{"line":303,"type":"binary-expr","locations":[{"start":{"line":303,"column":43},"end":{"line":303,"column":75},"skip":true},{"start":{"line":303,"column":79},"end":{"line":303,"column":81},"skip":true}]},"25":{"line":306,"type":"if","locations":[{"start":{"line":306,"column":8},"end":{"line":306,"column":8},"skip":true},{"start":{"line":306,"column":8},"end":{"line":306,"column":8},"skip":true}]},"26":{"line":310,"type":"if","locations":[{"start":{"line":310,"column":8},"end":{"line":310,"column":8},"skip":true},{"start":{"line":310,"column":8},"end":{"line":310,"column":8},"skip":true}]},"27":{"line":313,"type":"binary-expr","locations":[{"start":{"line":313,"column":27},"end":{"line":313,"column":43},"skip":true},{"start":{"line":313,"column":47},"end":{"line":313,"column":53},"skip":true}]},"28":{"line":317,"type":"if","locations":[{"start":{"line":317,"column":12},"end":{"line":317,"column":12},"skip":true},{"start":{"line":317,"column":12},"end":{"line":317,"column":12},"skip":true}]}},"code":["/*","example.js","","quickstart example","","instruction","    1. save this script as example.js","    2. run the shell command:","        $ npm install npmtest-pixl-xml && PORT=8081 node example.js","    3. play with the browser-demo on http://127.0.0.1:8081","*/","","","","/* istanbul instrument in package npmtest_pixl_xml */","/*jslint","    bitwise: true,","    browser: true,","    maxerr: 8,","    maxlen: 96,","    node: true,","    nomen: true,","    regexp: true,","    stupid: true","*/","(function () {","    'use strict';","    var local;","","","","    // run shared js-env code - pre-init","    (function () {","        // init local","        local = {};","        // init modeJs","        local.modeJs = (function () {","            try {","                return typeof navigator.userAgent === 'string' &&","                    typeof document.querySelector('body') === 'object' &&","                    typeof XMLHttpRequest.prototype.open === 'function' &&","                    'browser';","            } catch (errorCaughtBrowser) {","                return module.exports &&","                    typeof process.versions.node === 'string' &&","                    typeof require('http').createServer === 'function' &&","                    'node';","            }","        }());","        // init global","        local.global = local.modeJs === 'browser'","            ? window","            : global;","        // init utility2_rollup","        local = local.global.utility2_rollup || (local.modeJs === 'browser'","            ? local.global.utility2_npmtest_pixl_xml","            : global.utility2_moduleExports);","        // export local","        local.global.local = local;","    }());","    switch (local.modeJs) {","","","","    // post-init","    // run browser js-env code - post-init","    /* istanbul ignore next */","    case 'browser':","        local.testRunBrowser = function (event) {","            if (!event || (event &&","                    event.currentTarget &&","                    event.currentTarget.className &&","                    event.currentTarget.className.includes &&","                    event.currentTarget.className.includes('onreset'))) {","                // reset output","                Array.from(","                    document.querySelectorAll('body > .resettable')","                ).forEach(function (element) {","                    switch (element.tagName) {","                    case 'INPUT':","                    case 'TEXTAREA':","                        element.value = '';","                        break;","                    default:","                        element.textContent = '';","                    }","                });","            }","            switch (event && event.currentTarget && event.currentTarget.id) {","            case 'testRunButton1':","                // show tests","                if (document.querySelector('#testReportDiv1').style.display === 'none') {","                    document.querySelector('#testReportDiv1').style.display = 'block';","                    document.querySelector('#testRunButton1').textContent =","                        'hide internal test';","                    local.modeTest = true;","                    local.testRunDefault(local);","                // hide tests","                } else {","                    document.querySelector('#testReportDiv1').style.display = 'none';","                    document.querySelector('#testRunButton1').textContent = 'run internal test';","                }","                break;","            // custom-case","            default:","                break;","            }","            if (document.querySelector('#inputTextareaEval1') && (!event || (event &&","                    event.currentTarget &&","                    event.currentTarget.className &&","                    event.currentTarget.className.includes &&","                    event.currentTarget.className.includes('oneval')))) {","                // try to eval input-code","                try {","                    /*jslint evil: true*/","                    eval(document.querySelector('#inputTextareaEval1').value);","                } catch (errorCaught) {","                    console.error(errorCaught);","                }","            }","        };","        // log stderr and stdout to #outputTextareaStdout1","        ['error', 'log'].forEach(function (key) {","            console[key + '_original'] = console[key];","            console[key] = function () {","                var element;","                console[key + '_original'].apply(console, arguments);","                element = document.querySelector('#outputTextareaStdout1');","                if (!element) {","                    return;","                }","                // append text to #outputTextareaStdout1","                element.value += Array.from(arguments).map(function (arg) {","                    return typeof arg === 'string'","                        ? arg","                        : JSON.stringify(arg, null, 4);","                }).join(' ') + '\\n';","                // scroll textarea to bottom","                element.scrollTop = element.scrollHeight;","            };","        });","        // init event-handling","        ['change', 'click', 'keyup'].forEach(function (event) {","            Array.from(document.querySelectorAll('.on' + event)).forEach(function (element) {","                element.addEventListener(event, local.testRunBrowser);","            });","        });","        // run tests","        local.testRunBrowser();","        break;","","","","    // run node js-env code - post-init","    /* istanbul ignore next */","    case 'node':","        // export local","        module.exports = local;","        // require modules","        local.fs = require('fs');","        local.http = require('http');","        local.url = require('url');","        // init assets","        local.assetsDict = local.assetsDict || {};","        /* jslint-ignore-begin */","        local.assetsDict['/assets.index.template.html'] = '\\","<!doctype html>\\n\\","<html lang=\"en\">\\n\\","<head>\\n\\","<meta charset=\"UTF-8\">\\n\\","<meta name=\"viewport\" content=\"width=device-width, initial-scale=1\">\\n\\","<title>{{env.npm_package_name}} (v{{env.npm_package_version}})</title>\\n\\","<style>\\n\\","/*csslint\\n\\","    box-sizing: false,\\n\\","    universal-selector: false\\n\\","*/\\n\\","* {\\n\\","    box-sizing: border-box;\\n\\","}\\n\\","body {\\n\\","    background: #dde;\\n\\","    font-family: Arial, Helvetica, sans-serif;\\n\\","    margin: 2rem;\\n\\","}\\n\\","body > * {\\n\\","    margin-bottom: 1rem;\\n\\","}\\n\\",".utility2FooterDiv {\\n\\","    margin-top: 20px;\\n\\","    text-align: center;\\n\\","}\\n\\","</style>\\n\\","<style>\\n\\","/*csslint\\n\\","*/\\n\\","textarea {\\n\\","    font-family: monospace;\\n\\","    height: 10rem;\\n\\","    width: 100%;\\n\\","}\\n\\","textarea[readonly] {\\n\\","    background: #ddd;\\n\\","}\\n\\","</style>\\n\\","</head>\\n\\","<body>\\n\\","<!-- utility2-comment\\n\\","<div id=\"ajaxProgressDiv1\" style=\"background: #d00; height: 2px; left: 0; margin: 0; padding: 0; position: fixed; top: 0; transition: background 0.5s, width 1.5s; width: 25%;\"></div>\\n\\","utility2-comment -->\\n\\","<h1>\\n\\","<!-- utility2-comment\\n\\","    <a\\n\\","        {{#if env.npm_package_homepage}}\\n\\","        href=\"{{env.npm_package_homepage}}\"\\n\\","        {{/if env.npm_package_homepage}}\\n\\","        target=\"_blank\"\\n\\","    >\\n\\","utility2-comment -->\\n\\","        {{env.npm_package_name}} (v{{env.npm_package_version}})\\n\\","<!-- utility2-comment\\n\\","    </a>\\n\\","utility2-comment -->\\n\\","</h1>\\n\\","<h3>{{env.npm_package_description}}</h3>\\n\\","<!-- utility2-comment\\n\\","<h4><a download href=\"assets.app.js\">download standalone app</a></h4>\\n\\","<button class=\"onclick onreset\" id=\"testRunButton1\">run internal test</button><br>\\n\\","<div id=\"testReportDiv1\" style=\"display: none;\"></div>\\n\\","utility2-comment -->\\n\\","\\n\\","\\n\\","\\n\\","<label>stderr and stdout</label>\\n\\","<textarea class=\"resettable\" id=\"outputTextareaStdout1\" readonly></textarea>\\n\\","<!-- utility2-comment\\n\\","{{#if isRollup}}\\n\\","<script src=\"assets.app.js\"></script>\\n\\","{{#unless isRollup}}\\n\\","utility2-comment -->\\n\\","<script src=\"assets.utility2.rollup.js\"></script>\\n\\","<script src=\"jsonp.utility2._stateInit?callback=window.utility2._stateInit\"></script>\\n\\","<script src=\"assets.npmtest_pixl_xml.rollup.js\"></script>\\n\\","<script src=\"assets.example.js\"></script>\\n\\","<script src=\"assets.test.js\"></script>\\n\\","<!-- utility2-comment\\n\\","{{/if isRollup}}\\n\\","utility2-comment -->\\n\\","<div class=\"utility2FooterDiv\">\\n\\","    [ this app was created with\\n\\","    <a href=\"https://github.com/kaizhu256/node-utility2\" target=\"_blank\">utility2</a>\\n\\","    ]\\n\\","</div>\\n\\","</body>\\n\\","</html>\\n\\","';","        /* jslint-ignore-end */","        if (local.templateRender) {","            local.assetsDict['/'] = local.templateRender(","                local.assetsDict['/assets.index.template.html'],","                {","                    env: local.objectSetDefault(local.env, {","                        npm_package_description: 'the greatest app in the world!',","                        npm_package_name: 'my-app',","                        npm_package_nameAlias: 'my_app',","                        npm_package_version: '0.0.1'","                    })","                }","            );","        } else {","            local.assetsDict['/'] = local.assetsDict['/assets.index.template.html']","                .replace((/\\{\\{env\\.(\\w+?)\\}\\}/g), function (match0, match1) {","                    // jslint-hack","                    String(match0);","                    switch (match1) {","                    case 'npm_package_description':","                        return 'the greatest app in the world!';","                    case 'npm_package_name':","                        return 'my-app';","                    case 'npm_package_nameAlias':","                        return 'my_app';","                    case 'npm_package_version':","                        return '0.0.1';","                    }","                });","        }","        // run the cli","        if (local.global.utility2_rollup || module !== require.main) {","            break;","        }","        local.assetsDict['/assets.example.js'] =","            local.assetsDict['/assets.example.js'] ||","            local.fs.readFileSync(__filename, 'utf8');","        // bug-workaround - long $npm_package_buildCustomOrg","        /* jslint-ignore-begin */","        local.assetsDict['/assets.npmtest_pixl_xml.rollup.js'] =","            local.assetsDict['/assets.npmtest_pixl_xml.rollup.js'] ||","            local.fs.readFileSync(","                local.npmtest_pixl_xml.__dirname + '/lib.npmtest_pixl_xml.js',","                'utf8'","            ).replace((/^#!/), '//');","        /* jslint-ignore-end */","        local.assetsDict['/favicon.ico'] = local.assetsDict['/favicon.ico'] || '';","        // if $npm_config_timeout_exit exists,","        // then exit this process after $npm_config_timeout_exit ms","        if (Number(process.env.npm_config_timeout_exit)) {","            setTimeout(process.exit, Number(process.env.npm_config_timeout_exit));","        }","        // start server","        if (local.global.utility2_serverHttp1) {","            break;","        }","        process.env.PORT = process.env.PORT || '8081';","        console.error('server starting on port ' + process.env.PORT);","        local.http.createServer(function (request, response) {","            request.urlParsed = local.url.parse(request.url);","            if (local.assetsDict[request.urlParsed.pathname] !== undefined) {","                response.end(local.assetsDict[request.urlParsed.pathname]);","                return;","            }","            response.statusCode = 404;","            response.end();","        }).listen(process.env.PORT);","        break;","    }","}());",""],"l":{"26":2,"28":2,"33":2,"35":2,"37":2,"38":2,"39":2,"44":1,"51":2,"55":2,"59":2,"61":2,"69":1,"70":2,"76":2,"79":2,"82":2,"83":2,"85":1,"89":2,"92":1,"93":1,"94":1,"96":1,"97":1,"100":1,"101":1,"103":1,"106":1,"108":2,"114":1,"116":1,"118":1,"123":1,"124":2,"125":2,"126":3,"127":3,"128":3,"129":3,"130":1,"133":3,"134":3,"139":3,"143":1,"144":3,"145":1,"149":1,"150":1,"158":1,"160":1,"161":1,"162":1,"164":1,"166":1,"258":1,"259":1,"271":1,"274":6,"275":6,"277":1,"279":2,"281":1,"283":2,"288":1,"289":1,"291":1,"296":1,"303":1,"306":1,"307":1,"310":1,"311":1,"313":1,"314":1,"315":1,"316":1,"317":1,"318":1,"319":1,"321":1,"322":1,"324":1}},"/home/travis/build/npmtest/node-npmtest-pixl-xml/node_modules/pixl-xml/xml.js":{"path":"/home/travis/build/npmtest/node-npmtest-pixl-xml/node_modules/pixl-xml/xml.js","s":{"1":1,"2":1,"3":1,"4":1,"5":1,"6":1,"7":1,"8":0,"9":0,"10":0,"11":0,"12":0,"13":0,"14":0,"15":0,"16":0,"17":0,"18":0,"19":0,"20":0,"21":0,"22":0,"23":0,"24":0,"25":0,"26":0,"27":0,"28":0,"29":0,"30":0,"31":0,"32":0,"33":0,"34":0,"35":1,"36":1,"37":1,"38":1,"39":1,"40":1,"41":1,"42":1,"43":1,"44":1,"45":1,"46":1,"47":1,"48":1,"49":1,"50":1,"51":1,"52":1,"53":1,"54":1,"55":1,"56":1,"57":1,"58":1,"59":0,"60":0,"61":0,"62":0,"63":0,"64":0,"65":0,"66":0,"67":0,"68":0,"69":0,"70":0,"71":0,"72":0,"73":0,"74":0,"75":0,"76":0,"77":0,"78":0,"79":0,"80":0,"81":0,"82":0,"83":0,"84":0,"85":0,"86":0,"87":0,"88":0,"89":0,"90":0,"91":0,"92":0,"93":0,"94":0,"95":0,"96":0,"97":0,"98":0,"99":0,"100":0,"101":0,"102":0,"103":0,"104":0,"105":0,"106":0,"107":0,"108":0,"109":0,"110":0,"111":0,"112":0,"113":0,"114":0,"115":0,"116":0,"117":0,"118":0,"119":0,"120":0,"121":0,"122":0,"123":0,"124":0,"125":0,"126":0,"127":0,"128":0,"129":0,"130":0,"131":0,"132":0,"133":0,"134":0,"135":0,"136":0,"137":0,"138":0,"139":0,"140":0,"141":0,"142":0,"143":0,"144":1,"145":0,"146":0,"147":0,"148":0,"149":0,"150":0,"151":1,"152":0,"153":1,"154":0,"155":0,"156":0,"157":0,"158":0,"159":0,"160":0,"161":0,"162":0,"163":0,"164":0,"165":0,"166":1,"167":0,"168":0,"169":0,"170":1,"171":0,"172":0,"173":0,"174":0,"175":0,"176":1,"177":0,"178":0,"179":0,"180":0,"181":0,"182":0,"183":0,"184":0,"185":0,"186":1,"187":0,"188":0,"189":0,"190":0,"191":0,"192":0,"193":0,"194":0,"195":0,"196":0,"197":0,"198":0,"199":0,"200":0,"201":0,"202":0,"203":0,"204":0,"205":1,"206":0,"207":0,"208":0,"209":0,"210":0,"211":0,"212":0,"213":0,"214":0,"215":0,"216":0,"217":0,"218":1,"219":0,"220":1,"221":0,"222":0,"223":0,"224":0,"225":0,"226":0,"227":0,"228":0,"229":0,"230":0,"231":0,"232":0,"233":0,"234":0,"235":0,"236":0,"237":0,"238":1,"239":0,"240":0,"241":0,"242":0,"243":0,"244":1,"245":0,"246":0,"247":0,"248":0,"249":0,"250":0,"251":1,"252":0,"253":0,"254":0,"255":0,"256":0,"257":0,"258":0,"259":1,"260":0,"261":0,"262":0,"263":0,"264":0,"265":0,"266":0,"267":0,"268":0,"269":1,"270":0,"271":0,"272":0,"273":0,"274":0,"275":0,"276":0,"277":0,"278":0,"279":1,"280":0,"281":0,"282":0,"283":0,"284":0,"285":0,"286":0,"287":0,"288":0,"289":0,"290":0,"291":0,"292":0,"293":0,"294":0,"295":0,"296":0,"297":0,"298":0,"299":0,"300":0,"301":0,"302":0,"303":0,"304":0,"305":0,"306":0,"307":0,"308":0,"309":0,"310":0,"311":0,"312":0,"313":0,"314":0,"315":0,"316":0,"317":0,"318":0,"319":0,"320":0,"321":0,"322":0,"323":1,"324":0,"325":0,"326":0,"327":0,"328":0,"329":0,"330":0,"331":0,"332":0,"333":0,"334":1,"335":0,"336":0,"337":0,"338":0,"339":1,"340":0,"341":1,"342":0,"343":1,"344":0,"345":0,"346":0,"347":1,"348":0,"349":0,"350":0,"351":0},"b":{"1":[1,0],"2":[0,0],"3":[0,0],"4":[0,0],"5":[0,0],"6":[0,0],"7":[0,0],"8":[0,0],"9":[0,0],"10":[0,0],"11":[0,0],"12":[0,0],"13":[0,0],"14":[0,0],"15":[0,0],"16":[0,0],"17":[0,0],"18":[0,0],"19":[0,0],"20":[0,0],"21":[0,0],"22":[0,0],"23":[0,0],"24":[0,0],"25":[0,0],"26":[0,0],"27":[0,0],"28":[0,0],"29":[0,0],"30":[0,0],"31":[0,0],"32":[0,0],"33":[0,0],"34":[0,0],"35":[0,0],"36":[0,0],"37":[0,0],"38":[0,0],"39":[0,0],"40":[0,0],"41":[0,0],"42":[0,0],"43":[0,0],"44":[0,0],"45":[0,0],"46":[0,0],"47":[0,0],"48":[0,0],"49":[0,0],"50":[0,0],"51":[0,0],"52":[0,0],"53":[0,0],"54":[0,0],"55":[0,0],"56":[0,0],"57":[0,0],"58":[0,0],"59":[0,0],"60":[0,0],"61":[0,0],"62":[0,0],"63":[0,0],"64":[0,0],"65":[0,0],"66":[0,0],"67":[0,0],"68":[0,0],"69":[0,0],"70":[0,0],"71":[0,0],"72":[0,0],"73":[0,0],"74":[0,0],"75":[0,0],"76":[0,0],"77":[0,0],"78":[0,0],"79":[0,0],"80":[0,0,0],"81":[0,0],"82":[0,0],"83":[0,0],"84":[0,0],"85":[0,0],"86":[0,0],"87":[0,0],"88":[0,0],"89":[0,0],"90":[0,0],"91":[0,0],"92":[0,0],"93":[0,0],"94":[0,0],"95":[0,0],"96":[0,0],"97":[0,0],"98":[0,0,0]},"f":{"1":0,"2":0,"3":0,"4":0,"5":0,"6":0,"7":0,"8":0,"9":0,"10":0,"11":0,"12":0,"13":0,"14":0,"15":0,"16":0,"17":0,"18":0,"19":0,"20":0,"21":0,"22":0,"23":0,"24":0},"fnMap":{"1":{"name":"XML","line":36,"loc":{"start":{"line":36,"column":41},"end":{"line":36,"column":66}}},"2":{"name":"(anonymous_2)","line":103,"loc":{"start":{"line":103,"column":22},"end":{"line":103,"column":45}}},"3":{"name":"(anonymous_3)","line":244,"loc":{"start":{"line":244,"column":32},"end":{"line":244,"column":51}}},"4":{"name":"(anonymous_4)","line":262,"loc":{"start":{"line":262,"column":22},"end":{"line":262,"column":33}}},"5":{"name":"(anonymous_5)","line":267,"loc":{"start":{"line":267,"column":25},"end":{"line":267,"column":41}}},"6":{"name":"(anonymous_6)","line":282,"loc":{"start":{"line":282,"column":29},"end":{"line":282,"column":40}}},"7":{"name":"(anonymous_7)","line":288,"loc":{"start":{"line":288,"column":28},"end":{"line":288,"column":42}}},"8":{"name":"(anonymous_8)","line":299,"loc":{"start":{"line":299,"column":33},"end":{"line":299,"column":47}}},"9":{"name":"(anonymous_9)","line":318,"loc":{"start":{"line":318,"column":29},"end":{"line":318,"column":43}}},"10":{"name":"(anonymous_10)","line":359,"loc":{"start":{"line":359,"column":31},"end":{"line":359,"column":45}}},"11":{"name":"(anonymous_11)","line":385,"loc":{"start":{"line":385,"column":24},"end":{"line":385,"column":35}}},"12":{"name":"(anonymous_12)","line":390,"loc":{"start":{"line":390,"column":24},"end":{"line":390,"column":53}}},"13":{"name":"parse_xml","line":423,"loc":{"start":{"line":423,"column":32},"end":{"line":423,"column":63}}},"14":{"name":"trim","line":431,"loc":{"start":{"line":431,"column":26},"end":{"line":431,"column":46}}},"15":{"name":"encode_entities","line":443,"loc":{"start":{"line":443,"column":47},"end":{"line":443,"column":78}}},"16":{"name":"encode_attrib_entities","line":456,"loc":{"start":{"line":456,"column":60},"end":{"line":456,"column":98}}},"17":{"name":"decode_entities","line":471,"loc":{"start":{"line":471,"column":47},"end":{"line":471,"column":78}}},"18":{"name":"compose_xml","line":486,"loc":{"start":{"line":486,"column":38},"end":{"line":486,"column":99}}},"19":{"name":"always_array","line":573,"loc":{"start":{"line":573,"column":41},"end":{"line":573,"column":73}}},"20":{"name":"hash_keys_to_array","line":591,"loc":{"start":{"line":591,"column":51},"end":{"line":591,"column":85}}},"21":{"name":"isa_array","line":598,"loc":{"start":{"line":598,"column":35},"end":{"line":598,"column":59}}},"22":{"name":"isa_hash","line":603,"loc":{"start":{"line":603,"column":33},"end":{"line":603,"column":56}}},"23":{"name":"first_key","line":608,"loc":{"start":{"line":608,"column":35},"end":{"line":608,"column":60}}},"24":{"name":"num_keys","line":614,"loc":{"start":{"line":614,"column":33},"end":{"line":614,"column":57}}}},"statementMap":{"1":{"start":{"line":27,"column":0},"end":{"line":27,"column":23}},"2":{"start":{"line":28,"column":0},"end":{"line":28,"column":27}},"3":{"start":{"line":30,"column":0},"end":{"line":30,"column":44}},"4":{"start":{"line":32,"column":0},"end":{"line":32,"column":41}},"5":{"start":{"line":33,"column":0},"end":{"line":33,"column":21}},"6":{"start":{"line":34,"column":0},"end":{"line":34,"column":41}},"7":{"start":{"line":36,"column":0},"end":{"line":75,"column":1}},"8":{"start":{"line":39,"column":1},"end":{"line":39,"column":22}},"9":{"start":{"line":39,"column":12},"end":{"line":39,"column":22}},"10":{"start":{"line":40,"column":1},"end":{"line":43,"column":29}},"11":{"start":{"line":41,"column":2},"end":{"line":41,"column":46}},"12":{"start":{"line":41,"column":24},"end":{"line":41,"column":46}},"13":{"start":{"line":43,"column":6},"end":{"line":43,"column":29}},"14":{"start":{"line":46,"column":1},"end":{"line":48,"column":2}},"15":{"start":{"line":47,"column":2},"end":{"line":47,"column":46}},"16":{"start":{"line":47,"column":24},"end":{"line":47,"column":46}},"17":{"start":{"line":51,"column":1},"end":{"line":53,"column":2}},"18":{"start":{"line":52,"column":2},"end":{"line":52,"column":35}},"19":{"start":{"line":55,"column":1},"end":{"line":60,"column":2}},"20":{"start":{"line":57,"column":2},"end":{"line":57,"column":23}},"21":{"start":{"line":58,"column":2},"end":{"line":58,"column":58}},"22":{"start":{"line":59,"column":2},"end":{"line":59,"column":61}},"23":{"start":{"line":59,"column":18},"end":{"line":59,"column":61}},"24":{"start":{"line":62,"column":1},"end":{"line":62,"column":16}},"25":{"start":{"line":63,"column":1},"end":{"line":63,"column":18}},"26":{"start":{"line":64,"column":1},"end":{"line":64,"column":22}},"27":{"start":{"line":65,"column":1},"end":{"line":65,"column":23}},"28":{"start":{"line":66,"column":1},"end":{"line":66,"column":28}},"29":{"start":{"line":68,"column":1},"end":{"line":71,"column":2}},"30":{"start":{"line":69,"column":2},"end":{"line":69,"column":50}},"31":{"start":{"line":70,"column":2},"end":{"line":70,"column":44}},"32":{"start":{"line":73,"column":1},"end":{"line":73,"column":27}},"33":{"start":{"line":74,"column":1},"end":{"line":74,"column":29}},"34":{"start":{"line":74,"column":16},"end":{"line":74,"column":29}},"35":{"start":{"line":77,"column":0},"end":{"line":77,"column":43}},"36":{"start":{"line":78,"column":0},"end":{"line":78,"column":41}},"37":{"start":{"line":79,"column":0},"end":{"line":79,"column":32}},"38":{"start":{"line":81,"column":0},"end":{"line":81,"column":44}},"39":{"start":{"line":82,"column":0},"end":{"line":82,"column":45}},"40":{"start":{"line":83,"column":0},"end":{"line":83,"column":34}},"41":{"start":{"line":84,"column":0},"end":{"line":84,"column":41}},"42":{"start":{"line":85,"column":0},"end":{"line":85,"column":42}},"43":{"start":{"line":86,"column":0},"end":{"line":86,"column":50}},"44":{"start":{"line":87,"column":0},"end":{"line":87,"column":69}},"45":{"start":{"line":88,"column":0},"end":{"line":88,"column":40}},"46":{"start":{"line":89,"column":0},"end":{"line":89,"column":96}},"47":{"start":{"line":90,"column":0},"end":{"line":90,"column":57}},"48":{"start":{"line":91,"column":0},"end":{"line":91,"column":36}},"49":{"start":{"line":92,"column":0},"end":{"line":92,"column":42}},"50":{"start":{"line":93,"column":0},"end":{"line":93,"column":124}},"51":{"start":{"line":94,"column":0},"end":{"line":94,"column":68}},"52":{"start":{"line":95,"column":0},"end":{"line":95,"column":32}},"53":{"start":{"line":96,"column":0},"end":{"line":96,"column":68}},"54":{"start":{"line":97,"column":0},"end":{"line":97,"column":36}},"55":{"start":{"line":98,"column":0},"end":{"line":98,"column":66}},"56":{"start":{"line":100,"column":0},"end":{"line":100,"column":38}},"57":{"start":{"line":101,"column":0},"end":{"line":101,"column":32}},"58":{"start":{"line":103,"column":0},"end":{"line":242,"column":2}},"59":{"start":{"line":105,"column":1},"end":{"line":105,"column":33}},"60":{"start":{"line":105,"column":14},"end":{"line":105,"column":33}},"61":{"start":{"line":106,"column":1},"end":{"line":106,"column":24}},"62":{"start":{"line":106,"column":12},"end":{"line":106,"column":24}},"63":{"start":{"line":107,"column":1},"end":{"line":107,"column":26}},"64":{"start":{"line":108,"column":1},"end":{"line":108,"column":20}},"65":{"start":{"line":111,"column":1},"end":{"line":221,"column":2}},"66":{"start":{"line":112,"column":2},"end":{"line":112,"column":26}},"67":{"start":{"line":113,"column":2},"end":{"line":113,"column":23}},"68":{"start":{"line":116,"column":2},"end":{"line":119,"column":3}},"69":{"start":{"line":117,"column":3},"end":{"line":117,"column":112}},"70":{"start":{"line":117,"column":52},"end":{"line":117,"column":80}},"71":{"start":{"line":117,"column":86},"end":{"line":117,"column":112}},"72":{"start":{"line":118,"column":3},"end":{"line":118,"column":57}},"73":{"start":{"line":122,"column":2},"end":{"line":220,"column":3}},"74":{"start":{"line":124,"column":3},"end":{"line":135,"column":4}},"75":{"start":{"line":124,"column":33},"end":{"line":124,"column":61}},"76":{"start":{"line":125,"column":8},"end":{"line":135,"column":4}},"77":{"start":{"line":125,"column":43},"end":{"line":125,"column":76}},"78":{"start":{"line":126,"column":8},"end":{"line":135,"column":4}},"79":{"start":{"line":126,"column":39},"end":{"line":126,"column":68}},"80":{"start":{"line":127,"column":8},"end":{"line":135,"column":4}},"81":{"start":{"line":128,"column":4},"end":{"line":128,"column":35}},"82":{"start":{"line":129,"column":4},"end":{"line":129,"column":113}},"83":{"start":{"line":129,"column":53},"end":{"line":129,"column":81}},"84":{"start":{"line":129,"column":87},"end":{"line":129,"column":113}},"85":{"start":{"line":130,"column":4},"end":{"line":130,"column":55}},"86":{"start":{"line":133,"column":4},"end":{"line":133,"column":57}},"87":{"start":{"line":134,"column":4},"end":{"line":134,"column":10}},"88":{"start":{"line":137,"column":3},"end":{"line":137,"column":26}},"89":{"start":{"line":137,"column":20},"end":{"line":137,"column":26}},"90":{"start":{"line":138,"column":3},"end":{"line":138,"column":12}},"91":{"start":{"line":142,"column":3},"end":{"line":142,"column":48}},"92":{"start":{"line":143,"column":3},"end":{"line":146,"column":4}},"93":{"start":{"line":144,"column":4},"end":{"line":144,"column":49}},"94":{"start":{"line":145,"column":4},"end":{"line":145,"column":10}},"95":{"start":{"line":148,"column":3},"end":{"line":148,"column":28}},"96":{"start":{"line":149,"column":3},"end":{"line":149,"column":73}},"97":{"start":{"line":150,"column":3},"end":{"line":150,"column":31}},"98":{"start":{"line":153,"column":3},"end":{"line":219,"column":4}},"99":{"start":{"line":154,"column":4},"end":{"line":161,"column":5}},"100":{"start":{"line":155,"column":5},"end":{"line":155,"column":22}},"101":{"start":{"line":156,"column":5},"end":{"line":156,"column":11}},"102":{"start":{"line":159,"column":5},"end":{"line":159,"column":86}},"103":{"start":{"line":160,"column":5},"end":{"line":160,"column":11}},"104":{"start":{"line":166,"column":4},"end":{"line":166,"column":62}},"105":{"start":{"line":167,"column":4},"end":{"line":167,"column":18}},"106":{"start":{"line":168,"column":4},"end":{"line":168,"column":23}},"107":{"start":{"line":172,"column":4},"end":{"line":175,"column":5}},"108":{"start":{"line":173,"column":5},"end":{"line":173,"column":32}},"109":{"start":{"line":174,"column":5},"end":{"line":174,"column":37}},"110":{"start":{"line":178,"column":4},"end":{"line":178,"column":33}},"111":{"start":{"line":179,"column":4},"end":{"line":182,"column":5}},"112":{"start":{"line":180,"column":5},"end":{"line":180,"column":70}},"113":{"start":{"line":181,"column":5},"end":{"line":181,"column":52}},"114":{"start":{"line":185,"column":4},"end":{"line":187,"column":5}},"115":{"start":{"line":186,"column":5},"end":{"line":186,"column":34}},"116":{"start":{"line":190,"column":4},"end":{"line":193,"column":5}},"117":{"start":{"line":191,"column":5},"end":{"line":191,"column":34}},"118":{"start":{"line":192,"column":5},"end":{"line":192,"column":29}},"119":{"start":{"line":192,"column":23},"end":{"line":192,"column":29}},"120":{"start":{"line":196,"column":4},"end":{"line":196,"column":39}},"121":{"start":{"line":197,"column":4},"end":{"line":202,"column":5}},"122":{"start":{"line":198,"column":5},"end":{"line":198,"column":31}},"123":{"start":{"line":200,"column":9},"end":{"line":202,"column":5}},"124":{"start":{"line":201,"column":5},"end":{"line":201,"column":15}},"125":{"start":{"line":205,"column":4},"end":{"line":216,"column":5}},"126":{"start":{"line":206,"column":5},"end":{"line":212,"column":6}},"127":{"start":{"line":207,"column":6},"end":{"line":207,"column":36}},"128":{"start":{"line":210,"column":6},"end":{"line":210,"column":34}},"129":{"start":{"line":211,"column":6},"end":{"line":211,"column":40}},"130":{"start":{"line":215,"column":5},"end":{"line":215,"column":29}},"131":{"start":{"line":218,"column":4},"end":{"line":218,"column":53}},"132":{"start":{"line":218,"column":47},"end":{"line":218,"column":53}},"133":{"start":{"line":224,"column":1},"end":{"line":226,"column":2}},"134":{"start":{"line":225,"column":2},"end":{"line":225,"column":81}},"135":{"start":{"line":229,"column":1},"end":{"line":241,"column":2}},"136":{"start":{"line":230,"column":2},"end":{"line":230,"column":85}},"137":{"start":{"line":230,"column":54},"end":{"line":230,"column":85}},"138":{"start":{"line":232,"column":2},"end":{"line":235,"column":3}},"139":{"start":{"line":233,"column":3},"end":{"line":233,"column":98}},"140":{"start":{"line":234,"column":3},"end":{"line":234,"column":10}},"141":{"start":{"line":237,"column":2},"end":{"line":237,"column":47}},"142":{"start":{"line":238,"column":2},"end":{"line":240,"column":3}},"143":{"start":{"line":239,"column":3},"end":{"line":239,"column":48}},"144":{"start":{"line":244,"column":0},"end":{"line":260,"column":2}},"145":{"start":{"line":246,"column":1},"end":{"line":246,"column":66}},"146":{"start":{"line":247,"column":1},"end":{"line":247,"column":42}},"147":{"start":{"line":248,"column":1},"end":{"line":248,"column":52}},"148":{"start":{"line":249,"column":1},"end":{"line":249,"column":58}},"149":{"start":{"line":251,"column":1},"end":{"line":256,"column":4}},"150":{"start":{"line":259,"column":1},"end":{"line":259,"column":40}},"151":{"start":{"line":262,"column":0},"end":{"line":265,"column":2}},"152":{"start":{"line":264,"column":1},"end":{"line":264,"column":27}},"153":{"start":{"line":267,"column":0},"end":{"line":280,"column":2}},"154":{"start":{"line":269,"column":1},"end":{"line":269,"column":15}},"155":{"start":{"line":270,"column":1},"end":{"line":270,"column":23}},"156":{"start":{"line":270,"column":13},"end":{"line":270,"column":23}},"157":{"start":{"line":272,"column":1},"end":{"line":272,"column":45}},"158":{"start":{"line":273,"column":1},"end":{"line":273,"column":42}},"159":{"start":{"line":273,"column":17},"end":{"line":273,"column":42}},"160":{"start":{"line":274,"column":1},"end":{"line":274,"column":26}},"161":{"start":{"line":276,"column":1},"end":{"line":276,"column":50}},"162":{"start":{"line":276,"column":17},"end":{"line":276,"column":50}},"163":{"start":{"line":277,"column":1},"end":{"line":277,"column":43}},"164":{"start":{"line":277,"column":17},"end":{"line":277,"column":43}},"165":{"start":{"line":279,"column":1},"end":{"line":279,"column":13}},"166":{"start":{"line":282,"column":0},"end":{"line":286,"column":2}},"167":{"start":{"line":284,"column":1},"end":{"line":284,"column":30}},"168":{"start":{"line":284,"column":20},"end":{"line":284,"column":30}},"169":{"start":{"line":285,"column":1},"end":{"line":285,"column":61}},"170":{"start":{"line":288,"column":0},"end":{"line":297,"column":2}},"171":{"start":{"line":290,"column":1},"end":{"line":293,"column":2}},"172":{"start":{"line":291,"column":2},"end":{"line":291,"column":65}},"173":{"start":{"line":292,"column":2},"end":{"line":292,"column":14}},"174":{"start":{"line":295,"column":1},"end":{"line":295,"column":29}},"175":{"start":{"line":296,"column":1},"end":{"line":296,"column":12}},"176":{"start":{"line":299,"column":0},"end":{"line":316,"column":2}},"177":{"start":{"line":301,"column":1},"end":{"line":301,"column":20}},"178":{"start":{"line":302,"column":1},"end":{"line":302,"column":53}},"179":{"start":{"line":304,"column":1},"end":{"line":312,"column":2}},"180":{"start":{"line":305,"column":2},"end":{"line":311,"column":3}},"181":{"start":{"line":306,"column":3},"end":{"line":306,"column":27}},"182":{"start":{"line":309,"column":3},"end":{"line":309,"column":55}},"183":{"start":{"line":310,"column":3},"end":{"line":310,"column":15}},"184":{"start":{"line":314,"column":1},"end":{"line":314,"column":53}},"185":{"start":{"line":315,"column":1},"end":{"line":315,"column":12}},"186":{"start":{"line":318,"column":0},"end":{"line":357,"column":2}},"187":{"start":{"line":320,"column":1},"end":{"line":320,"column":20}},"188":{"start":{"line":322,"column":1},"end":{"line":354,"column":2}},"189":{"start":{"line":324,"column":2},"end":{"line":324,"column":31}},"190":{"start":{"line":326,"column":6},"end":{"line":354,"column":2}},"191":{"start":{"line":328,"column":2},"end":{"line":328,"column":54}},"192":{"start":{"line":330,"column":2},"end":{"line":338,"column":3}},"193":{"start":{"line":331,"column":3},"end":{"line":337,"column":4}},"194":{"start":{"line":332,"column":4},"end":{"line":332,"column":28}},"195":{"start":{"line":335,"column":4},"end":{"line":335,"column":52}},"196":{"start":{"line":336,"column":4},"end":{"line":336,"column":16}},"197":{"start":{"line":340,"column":2},"end":{"line":340,"column":54}},"198":{"start":{"line":343,"column":2},"end":{"line":349,"column":3}},"199":{"start":{"line":344,"column":3},"end":{"line":344,"column":32}},"200":{"start":{"line":347,"column":3},"end":{"line":347,"column":52}},"201":{"start":{"line":348,"column":3},"end":{"line":348,"column":15}},"202":{"start":{"line":352,"column":2},"end":{"line":352,"column":51}},"203":{"start":{"line":353,"column":2},"end":{"line":353,"column":14}},"204":{"start":{"line":356,"column":1},"end":{"line":356,"column":12}},"205":{"start":{"line":359,"column":0},"end":{"line":383,"column":2}},"206":{"start":{"line":361,"column":1},"end":{"line":361,"column":20}},"207":{"start":{"line":362,"column":1},"end":{"line":362,"column":53}},"208":{"start":{"line":364,"column":1},"end":{"line":372,"column":2}},"209":{"start":{"line":365,"column":2},"end":{"line":371,"column":3}},"210":{"start":{"line":366,"column":3},"end":{"line":366,"column":27}},"211":{"start":{"line":369,"column":3},"end":{"line":369,"column":53}},"212":{"start":{"line":370,"column":3},"end":{"line":370,"column":15}},"213":{"start":{"line":374,"column":1},"end":{"line":374,"column":53}},"214":{"start":{"line":376,"column":1},"end":{"line":382,"column":2}},"215":{"start":{"line":377,"column":2},"end":{"line":377,"column":20}},"216":{"start":{"line":380,"column":2},"end":{"line":380,"column":53}},"217":{"start":{"line":381,"column":2},"end":{"line":381,"column":14}},"218":{"start":{"line":385,"column":0},"end":{"line":388,"column":2}},"219":{"start":{"line":387,"column":1},"end":{"line":387,"column":18}},"220":{"start":{"line":390,"column":0},"end":{"line":417,"column":2}},"221":{"start":{"line":392,"column":1},"end":{"line":392,"column":44}},"222":{"start":{"line":392,"column":33},"end":{"line":392,"column":44}},"223":{"start":{"line":393,"column":1},"end":{"line":393,"column":22}},"224":{"start":{"line":394,"column":1},"end":{"line":394,"column":67}},"225":{"start":{"line":394,"column":32},"end":{"line":394,"column":67}},"226":{"start":{"line":396,"column":1},"end":{"line":396,"column":77}},"227":{"start":{"line":397,"column":1},"end":{"line":397,"column":50}},"228":{"start":{"line":398,"column":1},"end":{"line":398,"column":14}},"229":{"start":{"line":400,"column":1},"end":{"line":407,"column":2}},"230":{"start":{"line":401,"column":2},"end":{"line":403,"column":3}},"231":{"start":{"line":402,"column":3},"end":{"line":402,"column":49}},"232":{"start":{"line":406,"column":2},"end":{"line":406,"column":26}},"233":{"start":{"line":409,"column":1},"end":{"line":413,"column":2}},"234":{"start":{"line":410,"column":2},"end":{"line":412,"column":3}},"235":{"start":{"line":411,"column":3},"end":{"line":411,"column":50}},"236":{"start":{"line":415,"column":1},"end":{"line":415,"column":13}},"237":{"start":{"line":416,"column":1},"end":{"line":416,"column":12}},"238":{"start":{"line":423,"column":0},"end":{"line":429,"column":2}},"239":{"start":{"line":425,"column":1},"end":{"line":425,"column":22}},"240":{"start":{"line":425,"column":12},"end":{"line":425,"column":22}},"241":{"start":{"line":426,"column":1},"end":{"line":426,"column":18}},"242":{"start":{"line":427,"column":1},"end":{"line":427,"column":28}},"243":{"start":{"line":428,"column":1},"end":{"line":428,"column":66}},"244":{"start":{"line":431,"column":0},"end":{"line":441,"column":2}},"245":{"start":{"line":433,"column":1},"end":{"line":433,"column":29}},"246":{"start":{"line":433,"column":19},"end":{"line":433,"column":29}},"247":{"start":{"line":435,"column":1},"end":{"line":438,"column":2}},"248":{"start":{"line":436,"column":2},"end":{"line":436,"column":34}},"249":{"start":{"line":437,"column":2},"end":{"line":437,"column":34}},"250":{"start":{"line":440,"column":1},"end":{"line":440,"column":13}},"251":{"start":{"line":443,"column":0},"end":{"line":454,"column":2}},"252":{"start":{"line":445,"column":1},"end":{"line":445,"column":29}},"253":{"start":{"line":445,"column":19},"end":{"line":445,"column":29}},"254":{"start":{"line":447,"column":1},"end":{"line":451,"column":2}},"255":{"start":{"line":448,"column":2},"end":{"line":448,"column":38}},"256":{"start":{"line":449,"column":2},"end":{"line":449,"column":36}},"257":{"start":{"line":450,"column":2},"end":{"line":450,"column":36}},"258":{"start":{"line":453,"column":1},"end":{"line":453,"column":13}},"259":{"start":{"line":456,"column":0},"end":{"line":469,"column":2}},"260":{"start":{"line":458,"column":1},"end":{"line":458,"column":29}},"261":{"start":{"line":458,"column":19},"end":{"line":458,"column":29}},"262":{"start":{"line":460,"column":1},"end":{"line":466,"column":2}},"263":{"start":{"line":461,"column":2},"end":{"line":461,"column":38}},"264":{"start":{"line":462,"column":2},"end":{"line":462,"column":36}},"265":{"start":{"line":463,"column":2},"end":{"line":463,"column":36}},"266":{"start":{"line":464,"column":2},"end":{"line":464,"column":39}},"267":{"start":{"line":465,"column":2},"end":{"line":465,"column":39}},"268":{"start":{"line":468,"column":1},"end":{"line":468,"column":13}},"269":{"start":{"line":471,"column":0},"end":{"line":484,"column":2}},"270":{"start":{"line":473,"column":1},"end":{"line":473,"column":29}},"271":{"start":{"line":473,"column":19},"end":{"line":473,"column":29}},"272":{"start":{"line":475,"column":1},"end":{"line":481,"column":2}},"273":{"start":{"line":476,"column":2},"end":{"line":476,"column":38}},"274":{"start":{"line":477,"column":2},"end":{"line":477,"column":38}},"275":{"start":{"line":478,"column":2},"end":{"line":478,"column":40}},"276":{"start":{"line":479,"column":2},"end":{"line":479,"column":40}},"277":{"start":{"line":480,"column":2},"end":{"line":480,"column":39}},"278":{"start":{"line":483,"column":1},"end":{"line":483,"column":13}},"279":{"start":{"line":486,"column":0},"end":{"line":571,"column":2}},"280":{"start":{"line":489,"column":1},"end":{"line":489,"column":64}},"281":{"start":{"line":489,"column":43},"end":{"line":489,"column":64}},"282":{"start":{"line":490,"column":1},"end":{"line":490,"column":44}},"283":{"start":{"line":490,"column":33},"end":{"line":490,"column":44}},"284":{"start":{"line":491,"column":1},"end":{"line":491,"column":14}},"285":{"start":{"line":495,"column":1},"end":{"line":504,"column":2}},"286":{"start":{"line":496,"column":2},"end":{"line":496,"column":13}},"287":{"start":{"line":497,"column":2},"end":{"line":497,"column":25}},"288":{"start":{"line":499,"column":2},"end":{"line":503,"column":3}},"289":{"start":{"line":501,"column":3},"end":{"line":501,"column":26}},"290":{"start":{"line":502,"column":3},"end":{"line":502,"column":21}},"291":{"start":{"line":507,"column":1},"end":{"line":507,"column":22}},"292":{"start":{"line":508,"column":1},"end":{"line":508,"column":63}},"293":{"start":{"line":508,"column":34},"end":{"line":508,"column":63}},"294":{"start":{"line":510,"column":1},"end":{"line":568,"column":2}},"295":{"start":{"line":512,"column":2},"end":{"line":563,"column":3}},"296":{"start":{"line":514,"column":3},"end":{"line":514,"column":35}},"297":{"start":{"line":516,"column":3},"end":{"line":516,"column":20}},"298":{"start":{"line":517,"column":3},"end":{"line":517,"column":23}},"299":{"start":{"line":518,"column":3},"end":{"line":518,"column":36}},"300":{"start":{"line":518,"column":25},"end":{"line":518,"column":36}},"301":{"start":{"line":520,"column":3},"end":{"line":527,"column":4}},"302":{"start":{"line":521,"column":4},"end":{"line":521,"column":20}},"303":{"start":{"line":522,"column":4},"end":{"line":522,"column":66}},"304":{"start":{"line":523,"column":4},"end":{"line":526,"column":5}},"305":{"start":{"line":524,"column":5},"end":{"line":524,"column":32}},"306":{"start":{"line":525,"column":5},"end":{"line":525,"column":85}},"307":{"start":{"line":529,"column":3},"end":{"line":555,"column":4}},"308":{"start":{"line":531,"column":4},"end":{"line":531,"column":15}},"309":{"start":{"line":533,"column":4},"end":{"line":550,"column":5}},"310":{"start":{"line":535,"column":5},"end":{"line":535,"column":69}},"311":{"start":{"line":538,"column":5},"end":{"line":538,"column":16}},"312":{"start":{"line":540,"column":5},"end":{"line":540,"column":55}},"313":{"start":{"line":541,"column":5},"end":{"line":547,"column":6}},"314":{"start":{"line":542,"column":6},"end":{"line":542,"column":33}},"315":{"start":{"line":543,"column":6},"end":{"line":546,"column":7}},"316":{"start":{"line":545,"column":7},"end":{"line":545,"column":76}},"317":{"start":{"line":549,"column":5},"end":{"line":549,"column":50}},"318":{"start":{"line":554,"column":4},"end":{"line":554,"column":22}},"319":{"start":{"line":559,"column":3},"end":{"line":562,"column":4}},"320":{"start":{"line":561,"column":4},"end":{"line":561,"column":70}},"321":{"start":{"line":567,"column":2},"end":{"line":567,"column":90}},"322":{"start":{"line":570,"column":1},"end":{"line":570,"column":12}},"323":{"start":{"line":573,"column":0},"end":{"line":589,"column":2}},"324":{"start":{"line":576,"column":1},"end":{"line":588,"column":2}},"325":{"start":{"line":577,"column":2},"end":{"line":582,"column":3}},"326":{"start":{"line":578,"column":3},"end":{"line":578,"column":23}},"327":{"start":{"line":579,"column":3},"end":{"line":579,"column":19}},"328":{"start":{"line":580,"column":3},"end":{"line":580,"column":26}},"329":{"start":{"line":581,"column":3},"end":{"line":581,"column":22}},"330":{"start":{"line":583,"column":2},"end":{"line":583,"colum
[...]
", \"g\");","XML.prototype.patPINode = /^\\s*\\?\\s*([\\w\\-\\:]+)\\s*(.*)$/;","XML.prototype.patEndComment = /--$/;","XML.prototype.patNextClose = /([^>]*?)>/g;","XML.prototype.patExternalDTDNode = new RegExp(\"^\\\\s*\\\\!DOCTYPE\\\\s+([\\\\w\\\\-\\\\:]+)\\\\s+(SYSTEM|PUBLIC)\\\\s+\\\\\\\"([^\\\\\\\"]+)\\\\\\\"\");","XML.prototype.patInlineDTDNode = /^\\s*\\!DOCTYPE\\s+([\\w\\-\\:]+)\\s+\\[/;","XML.prototype.patEndDTD = /\\]$/;","XML.prototype.patDTDNode = /^\\s*\\!DOCTYPE\\s+([\\w\\-\\:]+)\\s+\\[(.*)\\]/;","XML.prototype.patEndCDATA = /\\]\\]$/;","XML.prototype.patCDATANode = /^\\s*\\!\\s*\\[\\s*CDATA\\s*\\[([^]*)\\]\\]/;","","XML.prototype.attribsKey = '_Attribs';","XML.prototype.dataKey = '_Data';","","XML.prototype.parse = function(branch, name) {","\t// parse text into XML tree, recurse for nested nodes","\tif (!branch) branch = this.tree;","\tif (!name) name = null;","\tvar foundClosing = false;","\tvar matches = null;","\t","\t// match each tag, plus preceding text","\twhile ( matches = this.patTag.exec(this.text) ) {","\t\tvar before = matches[1];","\t\tvar tag = matches[2];","\t\t","\t\t// text leading up to tag = content of parent node","\t\tif (before.match(/\\S/)) {","\t\t\tif (typeof(branch[this.dataKey]) != 'undefined') branch[this.dataKey] += ' '; else branch[this.dataKey] = '';","\t\t\tbranch[this.dataKey] += trim(decode_entities(before));","\t\t}","\t\t","\t\t// parse based on tag type","\t\tif (tag.match(this.patSpecialTag)) {","\t\t\t// special tag","\t\t\tif (tag.match(this.patPITag)) tag = this.parsePINode(tag);","\t\t\telse if (tag.match(this.patCommentTag)) tag = this.parseCommentNode(tag);","\t\t\telse if (tag.match(this.patDTDTag)) tag = this.parseDTDNode(tag);","\t\t\telse if (tag.match(this.patCDATATag)) {","\t\t\t\ttag = this.parseCDATANode(tag);","\t\t\t\tif (typeof(branch[this.dataKey]) != 'undefined') branch[this.dataKey] += ' '; else branch[this.dataKey] = '';","\t\t\t\tbranch[this.dataKey] += trim(decode_entities(tag));","\t\t\t} // cdata","\t\t\telse {","\t\t\t\tthis.throwParseError( \"Malformed special tag\", tag );","\t\t\t\tbreak;","\t\t\t} // error","\t\t\t","\t\t\tif (tag == null) break;","\t\t\tcontinue;","\t\t} // special tag","\t\telse {","\t\t\t// Tag is standard, so parse name and attributes (if any)","\t\t\tvar matches = tag.match(this.patStandardTag);","\t\t\tif (!matches) {","\t\t\t\tthis.throwParseError( \"Malformed tag\", tag );","\t\t\t\tbreak;","\t\t\t}","\t\t\t","\t\t\tvar closing = matches[1];","\t\t\tvar nodeName = this.lowerCase ? matches[2].toLowerCase() : matches[2];","\t\t\tvar attribsRaw = matches[3];","\t\t\t","\t\t\t// If this is a closing tag, make sure it matches its opening tag","\t\t\tif (closing) {","\t\t\t\tif (nodeName == (name || '')) {","\t\t\t\t\tfoundClosing = 1;","\t\t\t\t\tbreak;","\t\t\t\t}","\t\t\t\telse {","\t\t\t\t\tthis.throwParseError( \"Mismatched closing tag (expected </\" + name + \">)\", tag );","\t\t\t\t\tbreak;","\t\t\t\t}","\t\t\t} // closing tag","\t\t\telse {","\t\t\t\t// Not a closing tag, so parse attributes into hash.  If tag","\t\t\t\t// is self-closing, no recursive parsing is needed.","\t\t\t\tvar selfClosing = !!attribsRaw.match(this.patSelfClosing);","\t\t\t\tvar leaf = {};","\t\t\t\tvar attribs = leaf;","\t\t\t\t","\t\t\t\t// preserve attributes means they go into a sub-hash named \"_Attribs\"","\t\t\t\t// the XML composer honors this for restoring the tree back into XML","\t\t\t\tif (this.preserveAttributes) {","\t\t\t\t\tleaf[this.attribsKey] = {};","\t\t\t\t\tattribs = leaf[this.attribsKey];","\t\t\t\t}","\t\t\t\t","\t\t\t\t// parse attributes","\t\t\t\tthis.patAttrib.lastIndex = 0;","\t\t\t\twhile ( matches = this.patAttrib.exec(attribsRaw) ) {","\t\t\t\t\tvar key = this.lowerCase ? matches[1].toLowerCase() : matches[1];","\t\t\t\t\tattribs[ key ] = decode_entities( matches[3] );","\t\t\t\t} // foreach attrib","\t\t\t\t","\t\t\t\t// if no attribs found, but we created the _Attribs subhash, clean it up now","\t\t\t\tif (this.preserveAttributes && !num_keys(attribs)) {","\t\t\t\t\tdelete leaf[this.attribsKey];","\t\t\t\t}","\t\t\t\t","\t\t\t\t// Recurse for nested nodes","\t\t\t\tif (!selfClosing) {","\t\t\t\t\tthis.parse( leaf, nodeName );","\t\t\t\t\tif (this.error()) break;","\t\t\t\t}","\t\t\t\t","\t\t\t\t// Compress into simple node if text only","\t\t\t\tvar num_leaf_keys = num_keys(leaf);","\t\t\t\tif ((typeof(leaf[this.dataKey]) != 'undefined') && (num_leaf_keys == 1)) {","\t\t\t\t\tleaf = leaf[this.dataKey];","\t\t\t\t}","\t\t\t\telse if (!num_leaf_keys) {","\t\t\t\t\tleaf = '';","\t\t\t\t}","\t\t\t\t","\t\t\t\t// Add leaf to parent branch","\t\t\t\tif (typeof(branch[nodeName]) != 'undefined') {","\t\t\t\t\tif (isa_array(branch[nodeName])) {","\t\t\t\t\t\tbranch[nodeName].push( leaf );","\t\t\t\t\t}","\t\t\t\t\telse {","\t\t\t\t\t\tvar temp = branch[nodeName];","\t\t\t\t\t\tbranch[nodeName] = [ temp, leaf ];","\t\t\t\t\t}","\t\t\t\t}","\t\t\t\telse {","\t\t\t\t\tbranch[nodeName] = leaf;","\t\t\t\t}","\t\t\t\t","\t\t\t\tif (this.error() || (branch == this.tree)) break;","\t\t\t} // not closing","\t\t} // standard tag","\t} // main reg exp","\t","\t// Make sure we found the closing tag","\tif (name && !foundClosing) {","\t\tthis.throwParseError( \"Missing closing tag (expected </\" + name + \">)\", name );","\t}","\t","\t// If we are the master node, finish parsing and setup our doc node","\tif (branch == this.tree) {","\t\tif (typeof(this.tree[this.dataKey]) != 'undefined') delete this.tree[this.dataKey];","\t\t","\t\tif (num_keys(this.tree) > 1) {","\t\t\tthis.throwParseError( 'Only one top-level node is allowed in document', first_key(this.tree) );","\t\t\treturn;","\t\t}","","\t\tthis.documentNodeName = first_key(this.tree);","\t\tif (this.documentNodeName && !this.preserveDocumentNode) {","\t\t\tthis.tree = this.tree[this.documentNodeName];","\t\t}","\t}","};","","XML.prototype.throwParseError = function(key, tag) {","\t// log error and locate current line number in source XML document","\tvar parsedSource = this.text.substring(0, this.patTag.lastIndex);","\tvar eolMatch = parsedSource.match(/\\n/g);","\tvar lineNum = (eolMatch ? eolMatch.length : 0) + 1;","\tlineNum -= tag.match(/\\n/) ? tag.match(/\\n/g).length : 0;","\t","\tthis.errors.push({ ","\t\ttype: 'Parse',","\t\tkey: key,","\t\ttext: '<' + tag + '>',","\t\tline: lineNum","\t});","\t","\t// Throw actual error (must wrap parse in try/catch)","\tthrow new Error( this.getLastError() );","};","","XML.prototype.error = function() {","\t// return number of errors","\treturn this.errors.length;","};","","XML.prototype.getError = function(error) {","\t// get formatted error","\tvar text = '';","\tif (!error) return '';","","\ttext = (error.type || 'General') + ' Error';","\tif (error.code) text += ' ' + error.code;","\ttext += ': ' + error.key;","\t","\tif (error.line) text += ' on line ' + error.line;","\tif (error.text) text += ': ' + error.text;","","\treturn text;","};","","XML.prototype.getLastError = function() {","\t// Get most recently thrown error in plain text format","\tif (!this.error()) return '';","\treturn this.getError( this.errors[this.errors.length - 1] );","};","","XML.prototype.parsePINode = function(tag) {","\t// Parse Processor Instruction Node, e.g. <?xml version=\"1.0\"?>","\tif (!tag.match(this.patPINode)) {","\t\tthis.throwParseError( \"Malformed processor instruction\", tag );","\t\treturn null;","\t}","\t","\tthis.piNodeList.push( tag );","\treturn tag;","};","","XML.prototype.parseCommentNode = function(tag) {","\t// Parse Comment Node, e.g. <!-- hello -->","\tvar matches = null;","\tthis.patNextClose.lastIndex = this.patTag.lastIndex;","\t","\twhile (!tag.match(this.patEndComment)) {","\t\tif (matches = this.patNextClose.exec(this.text)) {","\t\t\ttag += '>' + matches[1];","\t\t}","\t\telse {","\t\t\tthis.throwParseError( \"Unclosed comment tag\", tag );","\t\t\treturn null;","\t\t}","\t}","\t","\tthis.patTag.lastIndex = this.patNextClose.lastIndex;","\treturn tag;","};","","XML.prototype.parseDTDNode = function(tag) {","\t// Parse Document Type Descriptor Node, e.g. <!DOCTYPE ... >","\tvar matches = null;","\t","\tif (tag.match(this.patExternalDTDNode)) {","\t\t// tag is external, and thus self-closing","\t\tthis.dtdNodeList.push( tag );","\t}","\telse if (tag.match(this.patInlineDTDNode)) {","\t\t// Tag is inline, so check for nested nodes.","\t\tthis.patNextClose.lastIndex = this.patTag.lastIndex;","\t\t","\t\twhile (!tag.match(this.patEndDTD)) {","\t\t\tif (matches = this.patNextClose.exec(this.text)) {","\t\t\t\ttag += '>' + matches[1];","\t\t\t}","\t\t\telse {","\t\t\t\tthis.throwParseError( \"Unclosed DTD tag\", tag );","\t\t\t\treturn null;","\t\t\t}","\t\t}","\t\t","\t\tthis.patTag.lastIndex = this.patNextClose.lastIndex;","\t\t","\t\t// Make sure complete tag is well-formed, and push onto DTD stack.","\t\tif (tag.match(this.patDTDNode)) {","\t\t\tthis.dtdNodeList.push( tag );","\t\t}","\t\telse {","\t\t\tthis.throwParseError( \"Malformed DTD tag\", tag );","\t\t\treturn null;","\t\t}","\t}","\telse {","\t\tthis.throwParseError( \"Malformed DTD tag\", tag );","\t\treturn null;","\t}","\t","\treturn tag;","};","","XML.prototype.parseCDATANode = function(tag) {","\t// Parse CDATA Node, e.g. <![CDATA[Brooks & Shields]]>","\tvar matches = null;","\tthis.patNextClose.lastIndex = this.patTag.lastIndex;","\t","\twhile (!tag.match(this.patEndCDATA)) {","\t\tif (matches = this.patNextClose.exec(this.text)) {","\t\t\ttag += '>' + matches[1];","\t\t}","\t\telse {","\t\t\tthis.throwParseError( \"Unclosed CDATA tag\", tag );","\t\t\treturn null;","\t\t}","\t}","\t","\tthis.patTag.lastIndex = this.patNextClose.lastIndex;","\t","\tif (matches = tag.match(this.patCDATANode)) {","\t\treturn matches[1];","\t}","\telse {","\t\tthis.throwParseError( \"Malformed CDATA tag\", tag );","\t\treturn null;","\t}","};","","XML.prototype.getTree = function() {","\t// get reference to parsed XML tree","\treturn this.tree;","};","","XML.prototype.compose = function(indent_string, eol) {","\t// compose tree back into XML","\tif (typeof(eol) == 'undefined') eol = \"\\n\";","\tvar tree = this.tree;","\tif (this.preserveDocumentNode) tree = tree[this.documentNodeName];","\t","\tvar raw = compose_xml( tree, this.documentNodeName, 0, indent_string, eol );","\tvar body = raw.replace(/^\\s*\\<\\?.+?\\?\\>\\s*/, '');","\tvar xml = '';","\t","\tif (this.piNodeList.length) {","\t\tfor (var idx = 0, len = this.piNodeList.length; idx < len; idx++) {","\t\t\txml += '<' + this.piNodeList[idx] + '>' + eol;","\t\t}","\t}","\telse {","\t\txml += xml_header + eol;","\t}","\t","\tif (this.dtdNodeList.length) {","\t\tfor (var idx = 0, len = this.dtdNodeList.length; idx < len; idx++) {","\t\t\txml += '<' + this.dtdNodeList[idx] + '>' + eol;","\t\t}","\t}","\t","\txml += body;","\treturn xml;","};","","//","// Static Utility Functions:","//","","var parse_xml = exports.parse = function parse_xml(text, opts) {","\t// turn text into XML tree quickly","\tif (!opts) opts = {};","\topts.text = text;","\tvar parser = new XML(opts);","\treturn parser.error() ? parser.getLastError() : parser.getTree();","};","","var trim = exports.trim = function trim(text) {","\t// strip whitespace from beginning and end of string","\tif (text == null) return '';","\t","\tif (text && text.replace) {","\t\ttext = text.replace(/^\\s+/, \"\");","\t\ttext = text.replace(/\\s+$/, \"\");","\t}","\t","\treturn text;","};","","var encode_entities = exports.encodeEntities = function encode_entities(text) {","\t// Simple entitize exports.for = function for composing XML","\tif (text == null) return '';","\t","\tif (text && text.replace) {","\t\ttext = text.replace(/\\&/g, \"&amp;\"); // MUST BE FIRST","\t\ttext = text.replace(/</g, \"&lt;\");","\t\ttext = text.replace(/>/g, \"&gt;\");","\t}","\t","\treturn text;","};","","var encode_attrib_entities = exports.encodeAttribEntities = function encode_attrib_entities(text) {","\t// Simple entitize exports.for = function for composing XML attributes","\tif (text == null) return '';","\t","\tif (text && text.replace) {","\t\ttext = text.replace(/\\&/g, \"&amp;\"); // MUST BE FIRST","\t\ttext = text.replace(/</g, \"&lt;\");","\t\ttext = text.replace(/>/g, \"&gt;\");","\t\ttext = text.replace(/\\\"/g, \"&quot;\");","\t\ttext = text.replace(/\\'/g, \"&apos;\");","\t}","\t","\treturn text;","};","","var decode_entities = exports.decodeEntities = function decode_entities(text) {","\t// Decode XML entities into raw ASCII","\tif (text == null) return '';","\t","\tif (text && text.replace && text.match(/\\&/)) {","\t\ttext = text.replace(/\\&lt\\;/g, \"<\");","\t\ttext = text.replace(/\\&gt\\;/g, \">\");","\t\ttext = text.replace(/\\&quot\\;/g, '\"');","\t\ttext = text.replace(/\\&apos\\;/g, \"'\");","\t\ttext = text.replace(/\\&amp\\;/g, \"&\"); // MUST BE LAST","\t}","\t","\treturn text;","};","","var compose_xml = exports.stringify = function compose_xml(node, name, indent, indent_string, eol) {","\t// Compose node into XML including attributes","\t// Recurse for child nodes","\tif (typeof(indent_string) == 'undefined') indent_string = \"\\t\";","\tif (typeof(eol) == 'undefined') eol = \"\\n\";","\tvar xml = \"\";","\t","\t// If this is the root node, set the indent to 0","\t// and setup the XML header (PI node)","\tif (!indent) {","\t\tindent = 0;","\t\txml = xml_header + eol;","\t\t","\t\tif (!name) {","\t\t\t// no name provided, assume content is wrapped in it","\t\t\tname = first_key(node);","\t\t\tnode = node[name];","\t\t}","\t}","\t","\t// Setup the indent text","\tvar indent_text = \"\";","\tfor (var k = 0; k < indent; k++) indent_text += indent_string;","\t","\tif ((typeof(node) == 'object') && (node != null)) {","\t\t// node is object -- now see if it is an array or hash","\t\tif (!node.length) { // what about zero-length array?","\t\t\t// node is hash","\t\t\txml += indent_text + \"<\" + name;","\t\t\t","\t\t\tvar num_keys = 0;","\t\t\tvar has_attribs = 0;","\t\t\tfor (var key in node) num_keys++; // there must be a better way...","\t\t\t","\t\t\tif (node[\"_Attribs\"]) {","\t\t\t\thas_attribs = 1;","\t\t\t\tvar sorted_keys = hash_keys_to_array(node[\"_Attribs\"]).sort();","\t\t\t\tfor (var idx = 0, len = sorted_keys.length; idx < len; idx++) {","\t\t\t\t\tvar key = sorted_keys[idx];","\t\t\t\t\txml += \" \" + key + \"=\\\"\" + encode_attrib_entities(node[\"_Attribs\"][key]) + \"\\\"\";","\t\t\t\t}","\t\t\t} // has attribs","\t\t\t","\t\t\tif (num_keys > has_attribs) {","\t\t\t\t// has child elements","\t\t\t\txml += \">\";","\t\t\t\t","\t\t\t\tif (node[\"_Data\"]) {","\t\t\t\t\t// simple text child node","\t\t\t\t\txml += encode_entities(node[\"_Data\"]) + \"</\" + name + \">\" + eol;","\t\t\t\t} // just text","\t\t\t\telse {","\t\t\t\t\txml += eol;","\t\t\t\t\t","\t\t\t\t\tvar sorted_keys = hash_keys_to_array(node).sort();","\t\t\t\t\tfor (var idx = 0, len = sorted_keys.length; idx < len; idx++) {","\t\t\t\t\t\tvar key = sorted_keys[idx];\t\t\t\t\t","\t\t\t\t\t\tif ((key != \"_Attribs\") && key.match(re_valid_tag_name)) {","\t\t\t\t\t\t\t// recurse for node, with incremented indent value","\t\t\t\t\t\t\txml += compose_xml( node[key], key, indent + 1, indent_string, eol );","\t\t\t\t\t\t} // not _Attribs key","\t\t\t\t\t} // foreach key","\t\t\t\t\t","\t\t\t\t\txml += indent_text + \"</\" + name + \">\" + eol;","\t\t\t\t} // real children","\t\t\t}","\t\t\telse {","\t\t\t\t// no child elements, so self-close","\t\t\t\txml += \"/>\" + eol;","\t\t\t}","\t\t} // standard node","\t\telse {","\t\t\t// node is array","\t\t\tfor (var idx = 0; idx < node.length; idx++) {","\t\t\t\t// recurse for node in array with same indent","\t\t\t\txml += compose_xml( node[idx], name, indent, indent_string, eol );","\t\t\t}","\t\t} // array of nodes","\t} // complex node","\telse {","\t\t// node is simple string","\t\txml += indent_text + \"<\" + name + \">\" + encode_entities(node) + \"</\" + name + \">\" + eol;","\t} // simple text node","\t","\treturn xml;","};","","var always_array = exports.alwaysArray = function always_array(obj, key) {","\t// if object is not array, return array containing object","\t// if key is passed, work like XMLalwaysarray() instead","\tif (key) {","\t\tif ((typeof(obj[key]) != 'object') || (typeof(obj[key].length) == 'undefined')) {","\t\t\tvar temp = obj[key];","\t\t\tdelete obj[key];","\t\t\tobj[key] = new Array();","\t\t\tobj[key][0] = temp;","\t\t}","\t\treturn null;","\t}","\telse {","\t\tif ((typeof(obj) != 'object') || (typeof(obj.length) == 'undefined')) { return [ obj ]; }","\t\telse return obj;","\t}","};","","var hash_keys_to_array = exports.hashKeysToArray = function hash_keys_to_array(hash) {","\t// convert hash keys to array (discard values)","\tvar array = [];","\tfor (var key in hash) array.push(key);","\treturn array;","};","","var isa_array = exports.isaArray = function isa_array(arg) {","\t// determine if arg is an array or is array-like","\treturn isArray(arg);","};","","var isa_hash = exports.isaHash = function isa_hash(arg) {","\t// determine if arg is a hash","\treturn( !!arg && (typeof(arg) == 'object') && !isa_array(arg) );","};","","var first_key = exports.firstKey = function first_key(hash) {","\t// return first key from hash (unordered)","\tfor (var key in hash) return key;","\treturn null; // no keys in hash","};","","var num_keys = exports.numKeys = function num_keys(hash) {","\t// count the number of keys in a hash","\tvar count = 0;","\tfor (var a in hash) count++;","\treturn count;","};",""],"l":{"27":1,"28":1,"30":1,"32":1,"33":1,"34":1,"36":1,"39":0,"40":0,"41":0,"43":0,"46":0,"47":0,"51":0,"52":0,"55":0,"57":0,"58":0,"59":0,"62":0,"63":0,"64":0,"65":0,"66":0,"68":0,"69":0,"70":0,"73":0,"74":0,"77":1,"78":1,"79":1,"81":1,"82":1,"83":1,"84":1,"85":1,"86":1,"87":1,"88":1,"89":1,"90":1,"91":1,"92":1,"93":1,"94":1,"95":1,"96":1,"97":1,"98":1,"100":1,"101":1,"103":1,"105":0,"106":0,"107":0,"108":0,"111":0,"112":0,"113":0,"116":0,"117":0,"118":0,"122":0,"124":0,"125":0,"126":0,"127":0,"128":0,"129":0,"130":0,"133":0,"134":0,"137":0,"138":0,"142":0,"143":0,"144":0,"145":0,"148":0,"149":0,"150":0,"153":0,"154":0,"155":0,"156":0,"159":0,"160":0,"166":0,"167":0,"168":0,"172":0,"173":0,"174":0,"178":0,"179":0,"180":0,"181":0,"185":0,"186":0,"190":0,"191":0,"192":0,"196":0,"197":0,"198":0,"200":0,"201":0,"205":0,"206":0,"207":0,"210":0,"211":0,"215":0,"218":0,"224":0,"225":0,"229":0,"230":0,"232":0,"233":0,"234":0,"237":0,"238":0,"239":0,"244":1,"246":0,"247":0,"248":0,"249":0,"251":0,"259":0,"262":1,"264":0,"267":1,"269":0,"270":0,"272":0,"273":0,"274":0,"276":0,"277":0,"279":0,"282":1,"284":0,"285":0,"288":1,"290":0,"291":0,"292":0,"295":0,"296":0,"299":1,"301":0,"302":0,"304":0,"305":0,"306":0,"309":0,"310":0,"314":0,"315":0,"318":1,"320":0,"322":0,"324":0,"326":0,"328":0,"330":0,"331":0,"332":0,"335":0,"336":0,"340":0,"343":0,"344":0,"347":0,"348":0,"352":0,"353":0,"356":0,"359":1,"361":0,"362":0,"364":0,"365":0,"366":0,"369":0,"370":0,"374":0,"376":0,"377":0,"380":0,"381":0,"385":1,"387":0,"390":1,"392":0,"393":0,"394":0,"396":0,"397":0,"398":0,"400":0,"401":0,"402":0,"406":0,"409":0,"410":0,"411":0,"415":0,"416":0,"423":1,"425":0,"426":0,"427":0,"428":0,"431":1,"433":0,"435":0,"436":0,"437":0,"440":0,"443":1,"445":0,"447":0,"448":0,"449":0,"450":0,"453":0,"456":1,"458":0,"460":0,"461":0,"462":0,"463":0,"464":0,"465":0,"468":0,"471":1,"473":0,"475":0,"476":0,"477":0,"478":0,"479":0,"480":0,"483":0,"486":1,"489":0,"490":0,"491":0,"495":0,"496":0,"497":0,"499":0,"501":0,"502":0,"507":0,"508":0,"510":0,"512":0,"514":0,"516":0,"517":0,"518":0,"520":0,"521":0,"522":0,"523":0,"524":0,"525":0,"529":0,"531":0,"533":0,"535":0,"538":0,"540":0,"541":0,"542":0,"543":0,"545":0,"549":0,"554":0,"559":0,"561":0,"567":0,"570":0,"573":1,"576":0,"577":0,"578":0,"579":0,"580":0,"581":0,"583":0,"586":0,"587":0,"591":1,"593":0,"594":0,"595":0,"598":1,"600":0,"603":1,"605":0,"608":1,"610":0,"611":0,"614":1,"616":0,"617":0,"618":0}}}